2024-11-12 14:49:12.9856 Info Function class initialized successfully. 
2024-11-12 14:49:13.2635 Info TableTransactions form initialized. 
2024-11-12 14:49:14.4332 Debug Player info and transaction data reset. 
2024-11-12 14:49:14.4332 Info TableTransactions form loaded. 
2024-11-12 14:49:18.0381 Debug Player info and transaction data reset. 
2024-11-12 14:49:18.0381 Info Fetching player information for PlayerID: 10001 
2024-11-12 14:49:18.0381 Info Decryption started. 
2024-11-12 14:49:18.0521 Info Data decrypted successfully. 
2024-11-12 14:49:18.2338 Info Decryption started. 
2024-11-12 14:49:18.2338 Info Data decrypted successfully. 
2024-11-12 14:49:18.4078 Info Displayed information for PlayerID: 10001 
2024-11-12 14:49:18.4288 Info Displayed information for PlayerID: 10001 
2024-11-12 14:49:18.4958 Info Successfully retrieved player data for PlayerID: 10001. Transaction count: 6 
2024-11-12 14:51:18.4932 Info Function class initialized successfully. 
2024-11-12 14:51:18.6901 Info TableTransactions form initialized. 
2024-11-12 14:51:21.3956 Debug Player info and transaction data reset. 
2024-11-12 14:51:21.3956 Info TableTransactions form loaded. 
2024-11-12 14:51:24.8714 Debug Player info and transaction data reset. 
2024-11-12 14:51:24.8714 Info Fetching player information for PlayerID: 10001 
2024-11-12 14:51:24.8714 Info Decryption started. 
2024-11-12 14:51:24.8774 Info Data decrypted successfully. 
2024-11-12 14:51:24.9823 Info Decryption started. 
2024-11-12 14:51:24.9823 Info Data decrypted successfully. 
2024-11-12 14:51:25.0033 Info Displayed information for PlayerID: 10001 
2024-11-12 14:51:25.0203 Info Displayed information for PlayerID: 10001 
2024-11-12 14:51:25.0573 Info Successfully retrieved player data for PlayerID: 10001. Transaction count: 6 
2024-11-12 14:51:27.3871 Info Decryption started. 
2024-11-12 14:51:27.3871 Info Data decrypted successfully. 
2024-11-12 14:51:30.6203 Info Decryption started. 
2024-11-12 14:51:30.6203 Info Data decrypted successfully. 
2024-11-12 14:52:55.5316 Info Function class initialized successfully. 
2024-11-12 14:52:55.7635 Info TableTransactions form initialized. 
2024-11-12 14:52:57.0801 Debug Player info and transaction data reset. 
2024-11-12 14:52:57.0801 Info TableTransactions form loaded. 
2024-11-12 14:52:59.6413 Debug Player info and transaction data reset. 
2024-11-12 14:52:59.6413 Info Fetching player information for PlayerID: 10001 
2024-11-12 14:52:59.6443 Info Decryption started. 
2024-11-12 14:52:59.6443 Info Data decrypted successfully. 
2024-11-12 14:52:59.7370 Info Decryption started. 
2024-11-12 14:52:59.7370 Info Data decrypted successfully. 
2024-11-12 14:52:59.7579 Info Displayed information for PlayerID: 10001 
2024-11-12 14:52:59.7739 Info Displayed information for PlayerID: 10001 
2024-11-12 14:52:59.8049 Info Successfully retrieved player data for PlayerID: 10001. Transaction count: 6 
2024-11-12 14:53:01.0789 Info Decryption started. 
2024-11-12 14:53:01.0799 Info Data decrypted successfully. 
2024-11-12 14:54:24.0912 Info Function class initialized successfully. 
2024-11-12 14:54:24.3601 Info TableTransactions form initialized. 
2024-11-12 14:54:26.2445 Debug Player info and transaction data reset. 
2024-11-12 14:54:26.2445 Info TableTransactions form loaded. 
2024-11-12 14:54:29.0309 Debug Player info and transaction data reset. 
2024-11-12 14:54:29.0309 Info Fetching player information for PlayerID: 10001 
2024-11-12 14:54:29.0339 Info Decryption started. 
2024-11-12 14:54:29.0339 Info Data decrypted successfully. 
2024-11-12 14:54:29.1297 Info Decryption started. 
2024-11-12 14:54:29.1297 Info Data decrypted successfully. 
2024-11-12 14:54:29.1487 Info Displayed information for PlayerID: 10001 
2024-11-12 14:54:29.1647 Info Displayed information for PlayerID: 10001 
2024-11-12 14:54:29.1957 Info Successfully retrieved player data for PlayerID: 10001. Transaction count: 6 
2024-11-12 14:54:30.5367 Info Decryption started. 
2024-11-12 14:54:30.5367 Info Data decrypted successfully. 
2024-11-12 14:55:22.2093 Info Function class initialized successfully. 
2024-11-12 14:55:22.4432 Info TableTransactions form initialized. 
2024-11-12 14:55:23.6258 Debug Player info and transaction data reset. 
2024-11-12 14:55:23.6298 Info TableTransactions form loaded. 
2024-11-12 14:55:26.2732 Debug Player info and transaction data reset. 
2024-11-12 14:55:26.2732 Info Fetching player information for PlayerID: 10001 
2024-11-12 14:55:26.2732 Info Decryption started. 
2024-11-12 14:55:26.2732 Info Data decrypted successfully. 
2024-11-12 14:55:26.3730 Info Decryption started. 
2024-11-12 14:55:26.3730 Info Data decrypted successfully. 
2024-11-12 14:55:26.3950 Info Displayed information for PlayerID: 10001 
2024-11-12 14:55:26.4100 Info Displayed information for PlayerID: 10001 
2024-11-12 14:55:26.4420 Info Successfully retrieved player data for PlayerID: 10001. Transaction count: 6 
2024-11-12 14:55:28.0474 Info Decryption started. 
2024-11-12 14:55:28.0474 Info Data decrypted successfully. 
2024-11-12 15:03:32.0302 Info Function class initialized successfully. 
2024-11-12 15:03:32.3671 Info TableTransactions form initialized. 
2024-11-12 15:03:33.1439 Debug Player info and transaction data reset. 
2024-11-12 15:03:33.1439 Info TableTransactions form loaded. 
2024-11-12 15:03:35.8840 Debug Player info and transaction data reset. 
2024-11-12 15:03:35.8840 Info Fetching player information for PlayerID: 10001 
2024-11-12 15:03:35.8840 Info Decryption started. 
2024-11-12 15:03:35.8840 Info Data decrypted successfully. 
2024-11-12 15:03:35.9850 Info Decryption started. 
2024-11-12 15:03:35.9850 Info Data decrypted successfully. 
2024-11-12 15:03:36.0199 Info Displayed information for PlayerID: 10001 
2024-11-12 15:03:36.0369 Info Displayed information for PlayerID: 10001 
2024-11-12 15:03:36.0739 Info Successfully retrieved player data for PlayerID: 10001. Transaction count: 6 
2024-11-12 15:03:37.3096 Info Decryption started. 
2024-11-12 15:03:37.3096 Info Data decrypted successfully. 
2024-11-12 15:03:48.1578 Info Decryption started. 
2024-11-12 15:03:48.1578 Info Data decrypted successfully. 
2024-11-12 15:03:48.3308 Info Rendering report for printing. 
2024-11-12 15:03:49.3656 Info Report rendered successfully. 
2024-11-12 15:03:49.8245 Info Printing initiated. 
2024-11-12 15:03:49.8245 Info Print initiated for selected rows, copy 1. 
2024-11-12 15:03:49.8245 Info Rendering report for printing. 
2024-11-12 15:03:49.9444 Info Report rendered successfully. 
2024-11-12 15:03:50.3113 Info Printing initiated. 
2024-11-12 15:03:50.3113 Info Print initiated for selected rows, copy 2. 
2024-11-12 15:03:50.3113 Info Rendering report for printing. 
2024-11-12 15:03:50.4593 Info Report rendered successfully. 
2024-11-12 15:03:50.8501 Info Printing initiated. 
2024-11-12 15:03:50.8501 Info Print initiated for selected rows, copy 3. 
2024-11-12 15:04:23.2224 Info Decryption started. 
2024-11-12 15:04:23.2224 Info Data decrypted successfully. 
2024-11-12 15:04:23.2294 Info Rendering report for printing. 
2024-11-12 15:04:23.3734 Info Report rendered successfully. 
2024-11-12 15:04:23.7073 Info Printing initiated. 
2024-11-12 15:04:23.7083 Info Print initiated for selected rows, copy 1. 
2024-11-12 15:04:23.7083 Info Rendering report for printing. 
2024-11-12 15:04:23.9012 Info Report rendered successfully. 
2024-11-12 15:04:24.3161 Info Printing initiated. 
2024-11-12 15:04:24.3161 Info Print initiated for selected rows, copy 2. 
2024-11-12 15:04:24.4110 Info Rendering report for printing. 
2024-11-12 15:04:24.6310 Info Report rendered successfully. 
2024-11-12 15:04:25.0678 Info Printing initiated. 
2024-11-12 15:04:25.0678 Info Print initiated for selected rows, copy 3. 
2024-11-12 15:05:38.0101 Info Function class initialized successfully. 
2024-11-12 15:05:38.2140 Info TableTransactions form initialized. 
2024-11-12 15:05:40.9509 Debug Player info and transaction data reset. 
2024-11-12 15:05:40.9509 Info TableTransactions form loaded. 
2024-11-12 15:05:43.6544 Debug Player info and transaction data reset. 
2024-11-12 15:05:43.6544 Info Fetching player information for PlayerID: 10001 
2024-11-12 15:05:43.6544 Info Decryption started. 
2024-11-12 15:05:43.6544 Info Data decrypted successfully. 
2024-11-12 15:05:43.7446 Info Decryption started. 
2024-11-12 15:05:43.7446 Info Data decrypted successfully. 
2024-11-12 15:05:43.7726 Info Displayed information for PlayerID: 10001 
2024-11-12 15:05:43.7896 Info Displayed information for PlayerID: 10001 
2024-11-12 15:05:43.8375 Info Successfully retrieved player data for PlayerID: 10001. Transaction count: 6 
2024-11-12 15:05:45.1316 Info Decryption started. 
2024-11-12 15:05:45.1316 Info Data decrypted successfully. 
2024-11-12 15:05:46.6161 Info Decryption started. 
2024-11-12 15:05:46.6161 Info Data decrypted successfully. 
2024-11-12 15:06:48.4633 Info Function class initialized successfully. 
2024-11-12 15:06:48.6863 Info TableTransactions form initialized. 
2024-11-12 15:06:50.4516 Debug Player info and transaction data reset. 
2024-11-12 15:06:50.4516 Info TableTransactions form loaded. 
2024-11-12 15:06:53.0524 Debug Player info and transaction data reset. 
2024-11-12 15:06:53.0534 Info Fetching player information for PlayerID: 10001 
2024-11-12 15:06:53.0534 Info Decryption started. 
2024-11-12 15:06:53.0534 Info Data decrypted successfully. 
2024-11-12 15:06:53.1543 Info Decryption started. 
2024-11-12 15:06:53.1543 Info Data decrypted successfully. 
2024-11-12 15:06:53.1913 Info Displayed information for PlayerID: 10001 
2024-11-12 15:06:53.2183 Info Displayed information for PlayerID: 10001 
2024-11-12 15:06:53.2513 Info Successfully retrieved player data for PlayerID: 10001. Transaction count: 6 
2024-11-12 15:06:54.5139 Info Displayed information for PlayerID: 10001 
2024-11-12 15:06:55.4220 Info Decryption started. 
2024-11-12 15:06:55.4220 Info Data decrypted successfully. 
2024-11-12 15:07:17.5023 Info Function class initialized successfully. 
2024-11-12 15:07:17.7272 Info TableTransactions form initialized. 
2024-11-12 15:07:19.1678 Debug Player info and transaction data reset. 
2024-11-12 15:07:19.1678 Info TableTransactions form loaded. 
2024-11-12 15:07:21.9892 Debug Player info and transaction data reset. 
2024-11-12 15:07:21.9892 Info Fetching player information for PlayerID: 10001 
2024-11-12 15:07:21.9922 Info Decryption started. 
2024-11-12 15:07:21.9922 Info Data decrypted successfully. 
2024-11-12 15:07:22.0914 Info Decryption started. 
2024-11-12 15:07:22.0914 Info Data decrypted successfully. 
2024-11-12 15:07:22.1214 Info Displayed information for PlayerID: 10001 
2024-11-12 15:07:22.1374 Info Displayed information for PlayerID: 10001 
2024-11-12 15:07:22.1724 Info Successfully retrieved player data for PlayerID: 10001. Transaction count: 6 
2024-11-12 15:07:22.9337 Info Decryption started. 
2024-11-12 15:07:22.9337 Info Data decrypted successfully. 
2024-11-12 15:07:26.7839 Info Decryption started. 
2024-11-12 15:07:26.7839 Info Data decrypted successfully. 
2024-11-12 15:07:26.9808 Info Rendering report for printing. 
2024-11-12 15:07:27.7306 Info Report rendered successfully. 
2024-11-12 15:07:28.0765 Info Printing initiated. 
2024-11-12 15:07:28.0765 Info Print initiated for selected rows, copy 1. 
2024-11-12 15:07:28.0765 Info Rendering report for printing. 
2024-11-12 15:07:28.1984 Info Report rendered successfully. 
2024-11-12 15:07:28.5553 Info Printing initiated. 
2024-11-12 15:07:28.5553 Info Print initiated for selected rows, copy 2. 
2024-11-12 15:07:28.5553 Info Rendering report for printing. 
2024-11-12 15:07:28.6733 Info Report rendered successfully. 
2024-11-12 15:07:29.0692 Info Printing initiated. 
2024-11-12 15:07:29.0692 Info Print initiated for selected rows, copy 3. 
2024-11-12 15:07:43.5995 Info Decryption started. 
2024-11-12 15:07:43.6005 Info Data decrypted successfully. 
2024-11-12 15:07:43.6005 Info Rendering report for printing. 
2024-11-12 15:07:43.7554 Info Report rendered successfully. 
2024-11-12 15:07:44.1203 Info Printing initiated. 
2024-11-12 15:07:44.1203 Info Print initiated for selected rows, copy 1. 
2024-11-12 15:07:44.1203 Info Rendering report for printing. 
2024-11-12 15:07:44.2333 Info Report rendered successfully. 
2024-11-12 15:07:44.5922 Info Printing initiated. 
2024-11-12 15:07:44.5922 Info Print initiated for selected rows, copy 2. 
2024-11-12 15:07:44.5922 Info Rendering report for printing. 
2024-11-12 15:07:44.7071 Info Report rendered successfully. 
2024-11-12 15:07:45.0640 Info Printing initiated. 
2024-11-12 15:07:45.0640 Info Print initiated for selected rows, copy 3. 
2024-11-12 15:08:27.0093 Info Function class initialized successfully. 
2024-11-12 15:08:27.3612 Info TableTransactions form initialized. 
2024-11-12 15:08:28.0670 Debug Player info and transaction data reset. 
2024-11-12 15:08:28.0670 Info TableTransactions form loaded. 
2024-11-12 15:08:30.8320 Debug Player info and transaction data reset. 
2024-11-12 15:08:30.8320 Info Fetching player information for PlayerID: 10001 
2024-11-12 15:08:30.8360 Info Decryption started. 
2024-11-12 15:08:30.8360 Info Data decrypted successfully. 
2024-11-12 15:08:30.9519 Info Decryption started. 
2024-11-12 15:08:30.9519 Info Data decrypted successfully. 
2024-11-12 15:08:30.9809 Info Displayed information for PlayerID: 10001 
2024-11-12 15:08:31.0069 Info Displayed information for PlayerID: 10001 
2024-11-12 15:08:31.0549 Info Successfully retrieved player data for PlayerID: 10001. Transaction count: 6 
2024-11-12 15:08:33.1438 Info Decryption started. 
2024-11-12 15:08:33.1438 Info Data decrypted successfully. 
2024-11-12 15:08:35.7942 Info Displayed information for PlayerID: 10001 
2024-11-12 15:08:39.2166 Info Decryption started. 
2024-11-12 15:08:39.2166 Info Data decrypted successfully. 
2024-11-12 15:08:39.2695 Info Rendering report for printing. 
2024-11-12 15:08:40.0643 Info Report rendered successfully. 
2024-11-12 15:08:40.4192 Info Printing initiated. 
2024-11-12 15:08:40.4192 Info Print initiated for selected rows, copy 1. 
2024-11-12 15:08:40.4192 Info Rendering report for printing. 
2024-11-12 15:08:40.5951 Info Report rendered successfully. 
2024-11-12 15:08:41.0020 Info Printing initiated. 
2024-11-12 15:08:41.0020 Info Print initiated for selected rows, copy 2. 
2024-11-12 15:08:41.0020 Info Rendering report for printing. 
2024-11-12 15:08:41.1809 Info Report rendered successfully. 
2024-11-12 15:08:41.6148 Info Printing initiated. 
2024-11-12 15:08:41.6158 Info Print initiated for selected rows, copy 3. 
2024-11-12 15:08:41.6158 Info Decryption started. 
2024-11-12 15:08:41.6158 Info Data decrypted successfully. 
2024-11-12 15:08:41.7088 Info Displayed information for PlayerID: 10001 
