2024-10-04 09:22:28.5764 Info Decryption started. 
2024-10-04 09:22:28.6534 Info Data decrypted successfully. 
2024-10-04 09:22:28.6724 Info Function class initialized successfully. 
2024-10-04 09:22:28.9673 Info TableTransactions form initialized. 
2024-10-04 09:22:32.2772 Debug Player info and transaction data reset. 
2024-10-04 09:22:32.2772 Info TableTransactions form loaded. 
2024-10-04 09:22:33.4719 Debug Player info and transaction data reset. 
2024-10-04 09:22:33.4719 Info Fetching player information for PlayerID: 889851 
2024-10-04 09:22:33.7438 Info Displayed information for PlayerID: 889851 
2024-10-04 09:22:33.7628 Info Displayed information for PlayerID: 889851 
2024-10-04 09:22:33.7878 Info Successfully retrieved player data for PlayerID: 889851. Transaction count: 712 
2024-10-04 09:22:34.5395 Info Displayed information for PlayerID: 889851 
2024-10-04 09:22:39.9398 Info Rendering report for printing. 
2024-10-04 09:22:40.7946 Info Report rendered successfully. 
2024-10-04 09:22:41.1624 Info Printing initiated. 
2024-10-04 09:22:41.1624 Info Print initiated for selected rows. 
2024-10-04 09:23:42.4501 Info Decryption started. 
2024-10-04 09:23:42.4701 Info Data decrypted successfully. 
2024-10-04 09:23:42.4701 Info Function class initialized successfully. 
2024-10-04 09:23:42.7190 Info TableTransactions form initialized. 
2024-10-04 09:23:45.6571 Debug Player info and transaction data reset. 
2024-10-04 09:23:45.6571 Info TableTransactions form loaded. 
2024-10-04 09:23:46.8407 Debug Player info and transaction data reset. 
2024-10-04 09:23:46.8407 Info Fetching player information for PlayerID: 889851 
2024-10-04 09:23:46.9857 Info Displayed information for PlayerID: 889851 
2024-10-04 09:23:47.0057 Info Displayed information for PlayerID: 889851 
2024-10-04 09:23:47.0277 Info Successfully retrieved player data for PlayerID: 889851. Transaction count: 712 
2024-10-04 09:24:02.2059 Info Decryption started. 
2024-10-04 09:24:02.2279 Info Data decrypted successfully. 
2024-10-04 09:24:02.2339 Info Function class initialized successfully. 
2024-10-04 09:24:02.7067 Info TableTransactions form initialized. 
2024-10-04 09:24:03.9553 Debug Player info and transaction data reset. 
2024-10-04 09:24:03.9553 Info TableTransactions form loaded. 
2024-10-04 09:24:05.8897 Debug Player info and transaction data reset. 
2024-10-04 09:24:05.8897 Info Fetching player information for PlayerID: 889851 
2024-10-04 09:24:06.0547 Info Displayed information for PlayerID: 889851 
2024-10-04 09:24:06.0726 Info Displayed information for PlayerID: 889851 
2024-10-04 09:24:06.0906 Info Successfully retrieved player data for PlayerID: 889851. Transaction count: 712 
2024-10-04 09:24:07.0213 Info Displayed information for PlayerID: 889851 
2024-10-04 09:25:36.4461 Info Decryption started. 
2024-10-04 09:25:36.4761 Info Data decrypted successfully. 
2024-10-04 09:25:36.4871 Info Function class initialized successfully. 
2024-10-04 09:25:36.8050 Info TableTransactions form initialized. 
2024-10-04 09:25:37.7997 Debug Player info and transaction data reset. 
2024-10-04 09:25:37.7997 Info TableTransactions form loaded. 
2024-10-04 09:25:39.2482 Debug Player info and transaction data reset. 
2024-10-04 09:25:39.2482 Info Fetching player information for PlayerID: 889851 
2024-10-04 09:25:39.3822 Info Displayed information for PlayerID: 889851 
2024-10-04 09:25:39.4012 Info Displayed information for PlayerID: 889851 
2024-10-04 09:25:39.4172 Info Successfully retrieved player data for PlayerID: 889851. Transaction count: 712 
2024-10-04 09:25:40.1809 Info Displayed information for PlayerID: 889851 
2024-10-04 09:28:19.1984 Info Decryption started. 
2024-10-04 09:28:19.2294 Info Data decrypted successfully. 
2024-10-04 09:28:19.2344 Info Function class initialized successfully. 
2024-10-04 09:28:19.4303 Info TableTransactions form initialized. 
2024-10-04 09:28:20.2751 Debug Player info and transaction data reset. 
2024-10-04 09:28:20.2751 Info TableTransactions form loaded. 
2024-10-04 09:28:21.6406 Debug Player info and transaction data reset. 
2024-10-04 09:28:21.6406 Info Fetching player information for PlayerID: 889851 
2024-10-04 09:28:21.8516 Info Displayed information for PlayerID: 889851 
2024-10-04 09:28:21.9405 Info Displayed information for PlayerID: 889851 
2024-10-04 09:28:22.0105 Info Successfully retrieved player data for PlayerID: 889851. Transaction count: 712 
2024-10-04 09:28:23.2981 Info Displayed information for PlayerID: 889851 
2024-10-04 09:28:24.4887 Info Displayed information for PlayerID: 889851 
2024-10-04 09:33:12.0573 Info Decryption started. 
2024-10-04 09:33:12.1003 Info Data decrypted successfully. 
2024-10-04 09:33:12.1163 Info Function class initialized successfully. 
2024-10-04 09:33:14.8434 Info TableTransactions form initialized. 
2024-10-04 09:33:15.6192 Debug Player info and transaction data reset. 
2024-10-04 09:33:15.6192 Info TableTransactions form loaded. 
2024-10-04 09:33:23.7746 Debug Player info and transaction data reset. 
2024-10-04 09:33:24.8353 Debug Player info and transaction data reset. 
2024-10-04 09:33:24.8353 Info Fetching player information for PlayerID: 889851 
2024-10-04 09:33:24.9982 Info Displayed information for PlayerID: 889851 
2024-10-04 09:33:25.0182 Info Displayed information for PlayerID: 889851 
2024-10-04 09:33:25.0432 Info Successfully retrieved player data for PlayerID: 889851. Transaction count: 712 
2024-10-04 09:33:26.8886 Info Displayed information for PlayerID: 889851 
2024-10-04 09:36:09.7172 Info Decryption started. 
2024-10-04 09:36:09.7532 Info Data decrypted successfully. 
2024-10-04 09:36:09.7782 Info Function class initialized successfully. 
2024-10-04 09:36:10.1231 Info TableTransactions form initialized. 
2024-10-04 09:36:10.9628 Debug Player info and transaction data reset. 
2024-10-04 09:36:10.9628 Info TableTransactions form loaded. 
2024-10-04 09:36:13.0192 Debug Player info and transaction data reset. 
2024-10-04 09:36:13.0192 Info Fetching player information for PlayerID: 889851 
2024-10-04 09:36:13.1981 Info Displayed information for PlayerID: 889851 
2024-10-04 09:36:13.2721 Info Displayed information for PlayerID: 889851 
2024-10-04 09:36:13.3361 Info Successfully retrieved player data for PlayerID: 889851. Transaction count: 712 
2024-10-04 09:36:14.0199 Info Displayed information for PlayerID: 889851 
2024-10-04 09:36:21.5106 Info Rendering report for printing. 
2024-10-04 09:36:22.4403 Info Report rendered successfully. 
2024-10-04 09:36:22.8242 Info Printing initiated. 
2024-10-04 09:36:22.8242 Info Print initiated for selected rows. 
2024-10-04 10:54:51.7534 Info Decryption started. 
2024-10-04 10:54:51.7764 Info Data decrypted successfully. 
2024-10-04 10:54:51.7764 Info Function class initialized successfully. 
2024-10-04 10:54:52.4662 Info TableTransactions form initialized. 
2024-10-04 10:54:54.9154 Debug Player info and transaction data reset. 
2024-10-04 10:54:54.9154 Info TableTransactions form loaded. 
2024-10-04 10:54:56.6629 Debug Player info and transaction data reset. 
2024-10-04 10:54:56.6639 Info Fetching player information for PlayerID: 889851 
2024-10-04 10:54:56.9168 Info Displayed information for PlayerID: 889851 
2024-10-04 10:54:56.9768 Info Displayed information for PlayerID: 889851 
2024-10-04 10:54:57.0417 Info Successfully retrieved player data for PlayerID: 889851. Transaction count: 711 
2024-10-04 10:54:59.1561 Info Displayed information for PlayerID: 889851 
2024-10-04 10:55:43.5649 Info Decryption started. 
2024-10-04 10:55:43.5919 Info Data decrypted successfully. 
2024-10-04 10:55:43.5919 Info Function class initialized successfully. 
2024-10-04 10:55:43.8508 Info TableTransactions form initialized. 
2024-10-04 10:55:44.5965 Debug Player info and transaction data reset. 
2024-10-04 10:55:44.5965 Info TableTransactions form loaded. 
2024-10-04 10:55:45.9681 Debug Player info and transaction data reset. 
2024-10-04 10:55:45.9681 Info Fetching player information for PlayerID: 889851 
2024-10-04 10:55:46.1191 Info Displayed information for PlayerID: 889851 
2024-10-04 10:55:46.1381 Info Displayed information for PlayerID: 889851 
2024-10-04 10:55:46.1641 Info Successfully retrieved player data for PlayerID: 889851. Transaction count: 710 
2024-10-04 10:55:46.7579 Info Displayed information for PlayerID: 889851 
2024-10-04 10:56:25.0918 Info Decryption started. 
2024-10-04 10:56:25.1098 Info Data decrypted successfully. 
2024-10-04 10:56:25.1098 Info Function class initialized successfully. 
2024-10-04 10:56:25.3087 Info TableTransactions form initialized. 
2024-10-04 10:56:25.9855 Debug Player info and transaction data reset. 
2024-10-04 10:56:25.9855 Info TableTransactions form loaded. 
2024-10-04 10:56:27.2901 Debug Player info and transaction data reset. 
2024-10-04 10:56:27.2901 Info Fetching player information for PlayerID: 889851 
2024-10-04 10:56:27.4231 Info Displayed information for PlayerID: 889851 
2024-10-04 10:56:27.4431 Info Displayed information for PlayerID: 889851 
2024-10-04 10:56:27.4631 Info Successfully retrieved player data for PlayerID: 889851. Transaction count: 709 
2024-10-04 10:56:28.7327 Info Displayed information for PlayerID: 889851 
2024-10-04 11:02:15.0397 Info Decryption started. 
2024-10-04 11:02:15.0607 Info Data decrypted successfully. 
2024-10-04 11:02:15.0607 Info Function class initialized successfully. 
2024-10-04 11:02:15.2566 Info TableTransactions form initialized. 
2024-10-04 11:02:17.0290 Debug Player info and transaction data reset. 
2024-10-04 11:02:17.0290 Info TableTransactions form loaded. 
2024-10-04 11:02:30.4858 Debug Player info and transaction data reset. 
2024-10-04 11:02:30.4858 Info Fetching player information for PlayerID: 889851 
2024-10-04 11:02:30.6208 Info Displayed information for PlayerID: 889851 
2024-10-04 11:02:30.6408 Info Displayed information for PlayerID: 889851 
2024-10-04 11:02:30.6617 Info Successfully retrieved player data for PlayerID: 889851. Transaction count: 712 
2024-10-04 11:02:33.2779 Info Rendering report for printing. 
2024-10-04 11:02:34.1207 Info Report rendered successfully. 
2024-10-04 11:02:34.5045 Info Printing initiated. 
2024-10-04 11:02:34.5045 Info Print initiated for selected rows, copy 1. 
2024-10-04 11:02:34.5095 Info Rendering report for printing. 
2024-10-04 11:02:34.7305 Info Report rendered successfully. 
2024-10-04 11:02:35.1413 Info Printing initiated. 
2024-10-04 11:02:35.1413 Info Print initiated for selected rows, copy 2. 
2024-10-04 11:07:03.2030 Info Decryption started. 
2024-10-04 11:07:03.2280 Info Data decrypted successfully. 
2024-10-04 11:07:03.2700 Info Function class initialized successfully. 
2024-10-04 11:07:03.4739 Info TableTransactions form initialized. 
2024-10-04 11:07:04.7005 Debug Player info and transaction data reset. 
2024-10-04 11:07:04.7005 Info TableTransactions form loaded. 
2024-10-04 11:07:07.2358 Debug Player info and transaction data reset. 
2024-10-04 11:07:07.2358 Info Fetching player information for PlayerID: 889851 
2024-10-04 11:07:07.3707 Info Displayed information for PlayerID: 889851 
2024-10-04 11:07:07.3907 Info Displayed information for PlayerID: 889851 
2024-10-04 11:07:07.4127 Info Successfully retrieved player data for PlayerID: 889851. Transaction count: 711 
2024-10-04 11:24:01.3743 Info Decryption started. 
2024-10-04 11:24:01.4123 Info Data decrypted successfully. 
2024-10-04 11:24:01.4213 Info Function class initialized successfully. 
2024-10-04 11:24:01.6612 Info TableTransactions form initialized. 
2024-10-04 11:24:45.3946 Info Decryption started. 
2024-10-04 11:24:45.4176 Info Data decrypted successfully. 
2024-10-04 11:24:45.4176 Info Function class initialized successfully. 
2024-10-04 11:24:45.7555 Info TableTransactions form initialized. 
2024-10-04 11:24:48.8635 Debug Player info and transaction data reset. 
2024-10-04 11:24:48.8635 Info TableTransactions form loaded. 
2024-10-04 11:24:50.3151 Debug Player info and transaction data reset. 
2024-10-04 11:24:50.3151 Info Fetching player information for PlayerID: 889851 
2024-10-04 11:24:50.6110 Info Displayed information for PlayerID: 889851 
2024-10-04 11:24:50.6440 Info Displayed information for PlayerID: 889851 
2024-10-04 11:24:50.6690 Info Successfully retrieved player data for PlayerID: 889851. Transaction count: 711 
2024-10-04 11:24:51.9985 Info Rendering report for printing. 
2024-10-04 11:24:52.7723 Info Report rendered successfully. 
2024-10-04 11:24:53.3251 Info Printing initiated. 
2024-10-04 11:24:53.3251 Info Print initiated for selected rows, copy 1. 
2024-10-04 11:24:53.3251 Info Rendering report for printing. 
2024-10-04 11:24:53.4371 Info Report rendered successfully. 
2024-10-04 11:24:53.8979 Info Printing initiated. 
2024-10-04 11:24:53.8979 Info Print initiated for selected rows, copy 2. 
2024-10-04 11:33:42.9549 Info Decryption started. 
2024-10-04 11:33:43.0319 Info Data decrypted successfully. 
2024-10-04 11:33:43.0649 Info Function class initialized successfully. 
2024-10-04 11:33:43.4518 Info TableTransactions form initialized. 
2024-10-04 11:33:47.4175 Debug Player info and transaction data reset. 
2024-10-04 11:33:47.4195 Info TableTransactions form loaded. 
2024-10-04 11:33:49.0250 Debug Player info and transaction data reset. 
2024-10-04 11:33:49.0250 Info Fetching player information for PlayerID: 889851 
2024-10-04 11:33:49.2000 Info Displayed information for PlayerID: 889851 
2024-10-04 11:33:49.2230 Info Displayed information for PlayerID: 889851 
2024-10-04 11:33:49.2399 Info Successfully retrieved player data for PlayerID: 889851. Transaction count: 710 
2024-10-04 11:33:50.5335 Info Rendering report for printing. 
2024-10-04 11:33:51.3293 Info Report rendered successfully. 
2024-10-04 11:33:51.8551 Info Printing initiated. 
2024-10-04 11:33:51.8551 Info Print initiated for selected rows, copy 1. 
2024-10-04 11:33:51.8591 Info Rendering report for printing. 
2024-10-04 11:33:51.9891 Info Report rendered successfully. 
2024-10-04 11:33:52.5219 Info Printing initiated. 
2024-10-04 11:33:52.5219 Info Print initiated for selected rows, copy 2. 
2024-10-04 11:33:52.6309 Info Displayed information for PlayerID: 889851 
2024-10-04 11:35:10.7251 Info Decryption started. 
2024-10-04 11:35:10.7511 Info Data decrypted successfully. 
2024-10-04 11:35:10.7511 Info Function class initialized successfully. 
2024-10-04 11:35:10.9441 Info TableTransactions form initialized. 
2024-10-04 11:35:11.6498 Debug Player info and transaction data reset. 
2024-10-04 11:35:11.6498 Info TableTransactions form loaded. 
2024-10-04 11:35:13.1863 Debug Player info and transaction data reset. 
2024-10-04 11:35:13.1863 Info Fetching player information for PlayerID: 889851 
2024-10-04 11:35:13.3853 Info Displayed information for PlayerID: 889851 
2024-10-04 11:35:13.4773 Info Displayed information for PlayerID: 889851 
2024-10-04 11:35:13.5592 Info Successfully retrieved player data for PlayerID: 889851. Transaction count: 709 
2024-10-04 12:52:38.0190 Info Function class initialized successfully. 
2024-10-04 12:52:38.4958 Info TableTransactions form initialized. 
2024-10-04 12:52:39.3525 Debug Player info and transaction data reset. 
2024-10-04 12:52:39.3525 Info TableTransactions form loaded. 
2024-10-04 12:52:40.6621 Info Decryption started. 
2024-10-04 12:52:40.6621 Info Data decrypted successfully. 
2024-10-04 12:52:41.4609 Info Decryption started. 
2024-10-04 12:52:41.4609 Info Data decrypted successfully. 
2024-10-04 12:52:42.0937 Info Decryption started. 
2024-10-04 12:52:42.0937 Info Data decrypted successfully. 
2024-10-04 12:53:33.0036 Info Function class initialized successfully. 
2024-10-04 12:53:33.3065 Info TableTransactions form initialized. 
2024-10-04 12:53:34.4511 Debug Player info and transaction data reset. 
2024-10-04 12:53:34.4511 Info TableTransactions form loaded. 
2024-10-04 12:54:16.9087 Debug Player info and transaction data reset. 
2024-10-04 12:54:16.9087 Info Fetching player information for PlayerID: 889851 
2024-10-04 12:54:16.9087 Info Decryption started. 
2024-10-04 12:54:16.9087 Info Data decrypted successfully. 
2024-10-04 12:54:17.0767 Info Displayed information for PlayerID: 889851 
2024-10-04 12:54:17.0987 Info Displayed information for PlayerID: 889851 
2024-10-04 12:54:17.1137 Info Successfully retrieved player data for PlayerID: 889851. Transaction count: 709 
2024-10-04 12:54:17.9754 Info Decryption started. 
2024-10-04 12:54:17.9754 Info Data decrypted successfully. 
2024-10-04 12:54:48.7007 Info Function class initialized successfully. 
2024-10-04 12:54:49.0426 Info TableTransactions form initialized. 
2024-10-04 12:54:49.9783 Debug Player info and transaction data reset. 
2024-10-04 12:54:49.9843 Info TableTransactions form loaded. 
2024-10-04 12:54:51.5658 Debug Player info and transaction data reset. 
2024-10-04 12:54:51.5658 Info Fetching player information for PlayerID: 889851 
2024-10-04 12:54:51.5658 Info Decryption started. 
2024-10-04 12:54:51.5658 Info Data decrypted successfully. 
2024-10-04 12:54:51.7777 Info Displayed information for PlayerID: 889851 
2024-10-04 12:54:51.8427 Info Displayed information for PlayerID: 889851 
2024-10-04 12:54:51.9007 Info Successfully retrieved player data for PlayerID: 889851. Transaction count: 709 
2024-10-04 12:54:53.3102 Info Decryption started. 
2024-10-04 12:54:53.3102 Info Data decrypted successfully. 
2024-10-04 12:55:31.4552 Info Function class initialized successfully. 
2024-10-04 12:55:31.7401 Info TableTransactions form initialized. 
2024-10-04 12:55:32.6948 Debug Player info and transaction data reset. 
2024-10-04 12:55:32.6948 Info TableTransactions form loaded. 
2024-10-04 12:55:34.0573 Debug Player info and transaction data reset. 
2024-10-04 12:55:34.0573 Info Fetching player information for PlayerID: 889851 
2024-10-04 12:55:34.0603 Info Decryption started. 
2024-10-04 12:55:34.0603 Info Data decrypted successfully. 
2024-10-04 12:55:34.2813 Info Displayed information for PlayerID: 889851 
2024-10-04 12:55:34.3522 Info Displayed information for PlayerID: 889851 
2024-10-04 12:55:34.4082 Info Successfully retrieved player data for PlayerID: 889851. Transaction count: 709 
2024-10-04 12:55:36.2446 Info Decryption started. 
2024-10-04 12:55:36.2446 Info Data decrypted successfully. 
2024-10-04 12:55:43.8912 Info Decryption started. 
2024-10-04 12:55:43.8912 Info Data decrypted successfully. 
2024-10-04 13:20:18.9261 Info Function class initialized successfully. 
2024-10-04 13:20:19.1481 Info TableTransactions form initialized. 
2024-10-04 13:20:19.9438 Debug Player info and transaction data reset. 
2024-10-04 13:20:19.9438 Info TableTransactions form loaded. 
2024-10-04 13:21:35.8228 Info Function class initialized successfully. 
2024-10-04 13:21:36.1857 Info TableTransactions form initialized. 
2024-10-04 13:21:37.1404 Debug Player info and transaction data reset. 
2024-10-04 13:21:37.1424 Info TableTransactions form loaded. 
2024-10-04 13:21:43.0956 Debug Player info and transaction data reset. 
2024-10-04 13:21:46.0416 Debug Player info and transaction data reset. 
2024-10-04 13:22:43.3633 Info Function class initialized successfully. 
2024-10-04 13:22:43.6202 Info TableTransactions form initialized. 
2024-10-04 13:22:46.6673 Debug Player info and transaction data reset. 
2024-10-04 13:22:46.6673 Info TableTransactions form loaded. 
2024-10-04 13:22:48.1738 Debug Player info and transaction data reset. 
2024-10-04 13:22:48.1738 Info Fetching player information for PlayerID: 889851Submit 
2024-10-04 13:22:48.1738 Info Decryption started. 
2024-10-04 13:22:48.1738 Info Data decrypted successfully. 
2024-10-04 13:22:48.2698 Error Error executing TableRolling_PID. System.Data.SqlClient.SqlException (0x80131904): Error converting data type nvarchar to int.
   at System.Data.SqlClient.SqlConnection.OnError(SqlException exception, Boolean breakConnection, Action`1 wrapCloseInAction)
   at System.Data.SqlClient.SqlInternalConnection.OnError(SqlException exception, Boolean breakConnection, Action`1 wrapCloseInAction)
   at System.Data.SqlClient.TdsParser.ThrowExceptionAndWarning(TdsParserStateObject stateObj, Boolean callerHasConnectionLock, Boolean asyncClose)
   at System.Data.SqlClient.TdsParser.TryRun(RunBehavior runBehavior, SqlCommand cmdHandler, SqlDataReader dataStream, BulkCopySimpleResultSet bulkCopyHandler, TdsParserStateObject stateObj, Boolean& dataReady)
   at System.Data.SqlClient.SqlDataReader.TryConsumeMetaData()
   at System.Data.SqlClient.SqlDataReader.get_MetaData()
   at System.Data.SqlClient.SqlCommand.FinishExecuteReader(SqlDataReader ds, RunBehavior runBehavior, String resetOptionsString, Boolean isInternal, Boolean forDescribeParameterEncryption, Boolean shouldCacheForAlwaysEncrypted)
   at System.Data.SqlClient.SqlCommand.RunExecuteReaderTds(CommandBehavior cmdBehavior, RunBehavior runBehavior, Boolean returnStream, Boolean async, Int32 timeout, Task& task, Boolean asyncWrite, Boolean inRetry, SqlDataReader ds, Boolean describeParameterEncryptionRequest)
   at System.Data.SqlClient.SqlCommand.RunExecuteReader(CommandBehavior cmdBehavior, RunBehavior runBehavior, Boolean returnStream, String method, TaskCompletionSource`1 completion, Int32 timeout, Task& task, Boolean& usedCache, Boolean asyncWrite, Boolean inRetry)
   at System.Data.SqlClient.SqlCommand.RunExecuteReader(CommandBehavior cmdBehavior, RunBehavior runBehavior, Boolean returnStream, String method)
   at System.Data.SqlClient.SqlCommand.ExecuteReader(CommandBehavior behavior, String method)
   at System.Data.SqlClient.SqlCommand.ExecuteDbDataReader(CommandBehavior behavior)
   at System.Data.Common.DbCommand.System.Data.IDbCommand.ExecuteReader(CommandBehavior behavior)
   at System.Data.Common.DbDataAdapter.FillInternal(DataSet dataset, DataTable[] datatables, Int32 startRecord, Int32 maxRecords, String srcTable, IDbCommand command, CommandBehavior behavior)
   at System.Data.Common.DbDataAdapter.Fill(DataTable[] dataTables, Int32 startRecord, Int32 maxRecords, IDbCommand command, CommandBehavior behavior)
   at System.Data.Common.DbDataAdapter.Fill(DataTable dataTable)
   at POSPatronImage.Support.Function.ExecuteDataTableProcedure(String procedureName, SqlParameter[] parameters) in C:\Users\nghiad.tran\Desktop\Curent Projects\TableTransactionRolling\POSPatronImage\Support\Function.cs:line 70
ClientConnectionId:711c299f-d3ee-4a81-814c-ae3a30fb6b8f
Error Number:8114,State:1,Class:16 HelpLink.ProdName: Microsoft SQL Server;HelpLink.ProdVer: 15.00.2000;HelpLink.EvtSrc: MSSQLServer;HelpLink.EvtID: 8114;HelpLink.BaseHelpUrl: http://go.microsoft.com/fwlink;HelpLink.LinkId: 20476
2024-10-04 13:22:52.3905 Error Error getting player information for PlayerID: 889851Submit System.Data.SqlClient.SqlException (0x80131904): Error converting data type nvarchar to int.
   at System.Data.SqlClient.SqlConnection.OnError(SqlException exception, Boolean breakConnection, Action`1 wrapCloseInAction)
   at System.Data.SqlClient.SqlInternalConnection.OnError(SqlException exception, Boolean breakConnection, Action`1 wrapCloseInAction)
   at System.Data.SqlClient.TdsParser.ThrowExceptionAndWarning(TdsParserStateObject stateObj, Boolean callerHasConnectionLock, Boolean asyncClose)
   at System.Data.SqlClient.TdsParser.TryRun(RunBehavior runBehavior, SqlCommand cmdHandler, SqlDataReader dataStream, BulkCopySimpleResultSet bulkCopyHandler, TdsParserStateObject stateObj, Boolean& dataReady)
   at System.Data.SqlClient.SqlDataReader.TryConsumeMetaData()
   at System.Data.SqlClient.SqlDataReader.get_MetaData()
   at System.Data.SqlClient.SqlCommand.FinishExecuteReader(SqlDataReader ds, RunBehavior runBehavior, String resetOptionsString, Boolean isInternal, Boolean forDescribeParameterEncryption, Boolean shouldCacheForAlwaysEncrypted)
   at System.Data.SqlClient.SqlCommand.RunExecuteReaderTds(CommandBehavior cmdBehavior, RunBehavior runBehavior, Boolean returnStream, Boolean async, Int32 timeout, Task& task, Boolean asyncWrite, Boolean inRetry, SqlDataReader ds, Boolean describeParameterEncryptionRequest)
   at System.Data.SqlClient.SqlCommand.RunExecuteReader(CommandBehavior cmdBehavior, RunBehavior runBehavior, Boolean returnStream, String method, TaskCompletionSource`1 completion, Int32 timeout, Task& task, Boolean& usedCache, Boolean asyncWrite, Boolean inRetry)
   at System.Data.SqlClient.SqlCommand.RunExecuteReader(CommandBehavior cmdBehavior, RunBehavior runBehavior, Boolean returnStream, String method)
   at System.Data.SqlClient.SqlCommand.ExecuteReader(CommandBehavior behavior, String method)
   at System.Data.SqlClient.SqlCommand.ExecuteDbDataReader(CommandBehavior behavior)
   at System.Data.Common.DbCommand.System.Data.IDbCommand.ExecuteReader(CommandBehavior behavior)
   at System.Data.Common.DbDataAdapter.FillInternal(DataSet dataset, DataTable[] datatables, Int32 startRecord, Int32 maxRecords, String srcTable, IDbCommand command, CommandBehavior behavior)
   at System.Data.Common.DbDataAdapter.Fill(DataTable[] dataTables, Int32 startRecord, Int32 maxRecords, IDbCommand command, CommandBehavior behavior)
   at System.Data.Common.DbDataAdapter.Fill(DataTable dataTable)
   at POSPatronImage.Support.Function.ExecuteDataTableProcedure(String procedureName, SqlParameter[] parameters) in C:\Users\nghiad.tran\Desktop\Curent Projects\TableTransactionRolling\POSPatronImage\Support\Function.cs:line 78
   at POSPatronImage.Support.Function.GetDataTableTransByPID(String playerID) in C:\Users\nghiad.tran\Desktop\Curent Projects\TableTransactionRolling\POSPatronImage\Support\Function.cs:line 134
   at POSPatronImage.TableTransactions.GetPlayerInformationFromID(String playerID) in C:\Users\nghiad.tran\Desktop\Curent Projects\TableTransactionRolling\POSPatronImage\TableTransactions.cs:line 115
ClientConnectionId:711c299f-d3ee-4a81-814c-ae3a30fb6b8f
Error Number:8114,State:1,Class:16 HelpLink.ProdName: Microsoft SQL Server;HelpLink.ProdVer: 15.00.2000;HelpLink.EvtSrc: MSSQLServer;HelpLink.EvtID: 8114;HelpLink.BaseHelpUrl: http://go.microsoft.com/fwlink;HelpLink.LinkId: 20476
2024-10-04 13:22:54.1649 Debug Player info and transaction data reset. 
2024-10-04 13:22:54.1649 Info Fetching player information for PlayerID: 889851Submit 
2024-10-04 13:22:54.1649 Info Decryption started. 
2024-10-04 13:22:54.1649 Info Data decrypted successfully. 
2024-10-04 13:22:54.1749 Error Error executing TableRolling_PID. System.Data.SqlClient.SqlException (0x80131904): Error converting data type nvarchar to int.
   at System.Data.SqlClient.SqlConnection.OnError(SqlException exception, Boolean breakConnection, Action`1 wrapCloseInAction)
   at System.Data.SqlClient.SqlInternalConnection.OnError(SqlException exception, Boolean breakConnection, Action`1 wrapCloseInAction)
   at System.Data.SqlClient.TdsParser.ThrowExceptionAndWarning(TdsParserStateObject stateObj, Boolean callerHasConnectionLock, Boolean asyncClose)
   at System.Data.SqlClient.TdsParser.TryRun(RunBehavior runBehavior, SqlCommand cmdHandler, SqlDataReader dataStream, BulkCopySimpleResultSet bulkCopyHandler, TdsParserStateObject stateObj, Boolean& dataReady)
   at System.Data.SqlClient.SqlDataReader.TryConsumeMetaData()
   at System.Data.SqlClient.SqlDataReader.get_MetaData()
   at System.Data.SqlClient.SqlCommand.FinishExecuteReader(SqlDataReader ds, RunBehavior runBehavior, String resetOptionsString, Boolean isInternal, Boolean forDescribeParameterEncryption, Boolean shouldCacheForAlwaysEncrypted)
   at System.Data.SqlClient.SqlCommand.RunExecuteReaderTds(CommandBehavior cmdBehavior, RunBehavior runBehavior, Boolean returnStream, Boolean async, Int32 timeout, Task& task, Boolean asyncWrite, Boolean inRetry, SqlDataReader ds, Boolean describeParameterEncryptionRequest)
   at System.Data.SqlClient.SqlCommand.RunExecuteReader(CommandBehavior cmdBehavior, RunBehavior runBehavior, Boolean returnStream, String method, TaskCompletionSource`1 completion, Int32 timeout, Task& task, Boolean& usedCache, Boolean asyncWrite, Boolean inRetry)
   at System.Data.SqlClient.SqlCommand.RunExecuteReader(CommandBehavior cmdBehavior, RunBehavior runBehavior, Boolean returnStream, String method)
   at System.Data.SqlClient.SqlCommand.ExecuteReader(CommandBehavior behavior, String method)
   at System.Data.SqlClient.SqlCommand.ExecuteDbDataReader(CommandBehavior behavior)
   at System.Data.Common.DbCommand.System.Data.IDbCommand.ExecuteReader(CommandBehavior behavior)
   at System.Data.Common.DbDataAdapter.FillInternal(DataSet dataset, DataTable[] datatables, Int32 startRecord, Int32 maxRecords, String srcTable, IDbCommand command, CommandBehavior behavior)
   at System.Data.Common.DbDataAdapter.Fill(DataTable[] dataTables, Int32 startRecord, Int32 maxRecords, IDbCommand command, CommandBehavior behavior)
   at System.Data.Common.DbDataAdapter.Fill(DataTable dataTable)
   at POSPatronImage.Support.Function.ExecuteDataTableProcedure(String procedureName, SqlParameter[] parameters) in C:\Users\nghiad.tran\Desktop\Curent Projects\TableTransactionRolling\POSPatronImage\Support\Function.cs:line 70
ClientConnectionId:711c299f-d3ee-4a81-814c-ae3a30fb6b8f
Error Number:8114,State:1,Class:16 HelpLink.ProdName: Microsoft SQL Server;HelpLink.ProdVer: 15.00.2000;HelpLink.EvtSrc: MSSQLServer;HelpLink.EvtID: 8114;HelpLink.BaseHelpUrl: http://go.microsoft.com/fwlink;HelpLink.LinkId: 20476
2024-10-04 13:22:58.2253 Error Error getting player information for PlayerID: 889851Submit System.Data.SqlClient.SqlException (0x80131904): Error converting data type nvarchar to int.
   at System.Data.SqlClient.SqlConnection.OnError(SqlException exception, Boolean breakConnection, Action`1 wrapCloseInAction)
   at System.Data.SqlClient.SqlInternalConnection.OnError(SqlException exception, Boolean breakConnection, Action`1 wrapCloseInAction)
   at System.Data.SqlClient.TdsParser.ThrowExceptionAndWarning(TdsParserStateObject stateObj, Boolean callerHasConnectionLock, Boolean asyncClose)
   at System.Data.SqlClient.TdsParser.TryRun(RunBehavior runBehavior, SqlCommand cmdHandler, SqlDataReader dataStream, BulkCopySimpleResultSet bulkCopyHandler, TdsParserStateObject stateObj, Boolean& dataReady)
   at System.Data.SqlClient.SqlDataReader.TryConsumeMetaData()
   at System.Data.SqlClient.SqlDataReader.get_MetaData()
   at System.Data.SqlClient.SqlCommand.FinishExecuteReader(SqlDataReader ds, RunBehavior runBehavior, String resetOptionsString, Boolean isInternal, Boolean forDescribeParameterEncryption, Boolean shouldCacheForAlwaysEncrypted)
   at System.Data.SqlClient.SqlCommand.RunExecuteReaderTds(CommandBehavior cmdBehavior, RunBehavior runBehavior, Boolean returnStream, Boolean async, Int32 timeout, Task& task, Boolean asyncWrite, Boolean inRetry, SqlDataReader ds, Boolean describeParameterEncryptionRequest)
   at System.Data.SqlClient.SqlCommand.RunExecuteReader(CommandBehavior cmdBehavior, RunBehavior runBehavior, Boolean returnStream, String method, TaskCompletionSource`1 completion, Int32 timeout, Task& task, Boolean& usedCache, Boolean asyncWrite, Boolean inRetry)
   at System.Data.SqlClient.SqlCommand.RunExecuteReader(CommandBehavior cmdBehavior, RunBehavior runBehavior, Boolean returnStream, String method)
   at System.Data.SqlClient.SqlCommand.ExecuteReader(CommandBehavior behavior, String method)
   at System.Data.SqlClient.SqlCommand.ExecuteDbDataReader(CommandBehavior behavior)
   at System.Data.Common.DbCommand.System.Data.IDbCommand.ExecuteReader(CommandBehavior behavior)
   at System.Data.Common.DbDataAdapter.FillInternal(DataSet dataset, DataTable[] datatables, Int32 startRecord, Int32 maxRecords, String srcTable, IDbCommand command, CommandBehavior behavior)
   at System.Data.Common.DbDataAdapter.Fill(DataTable[] dataTables, Int32 startRecord, Int32 maxRecords, IDbCommand command, CommandBehavior behavior)
   at System.Data.Common.DbDataAdapter.Fill(DataTable dataTable)
   at POSPatronImage.Support.Function.ExecuteDataTableProcedure(String procedureName, SqlParameter[] parameters) in C:\Users\nghiad.tran\Desktop\Curent Projects\TableTransactionRolling\POSPatronImage\Support\Function.cs:line 78
   at POSPatronImage.Support.Function.GetDataTableTransByPID(String playerID) in C:\Users\nghiad.tran\Desktop\Curent Projects\TableTransactionRolling\POSPatronImage\Support\Function.cs:line 134
   at POSPatronImage.TableTransactions.GetPlayerInformationFromID(String playerID) in C:\Users\nghiad.tran\Desktop\Curent Projects\TableTransactionRolling\POSPatronImage\TableTransactions.cs:line 115
ClientConnectionId:711c299f-d3ee-4a81-814c-ae3a30fb6b8f
Error Number:8114,State:1,Class:16 HelpLink.ProdName: Microsoft SQL Server;HelpLink.ProdVer: 15.00.2000;HelpLink.EvtSrc: MSSQLServer;HelpLink.EvtID: 8114;HelpLink.BaseHelpUrl: http://go.microsoft.com/fwlink;HelpLink.LinkId: 20476
2024-10-04 13:23:49.5811 Debug Player info and transaction data reset. 
2024-10-04 13:23:49.5811 Info Fetching player information for PlayerID: 889851Submit 
2024-10-04 13:23:49.5811 Info Decryption started. 
2024-10-04 13:23:49.5811 Info Data decrypted successfully. 
2024-10-04 13:23:49.5811 Error Error executing TableRolling_PID. System.Data.SqlClient.SqlException (0x80131904): Error converting data type nvarchar to int.
   at System.Data.SqlClient.SqlConnection.OnError(SqlException exception, Boolean breakConnection, Action`1 wrapCloseInAction)
   at System.Data.SqlClient.SqlInternalConnection.OnError(SqlException exception, Boolean breakConnection, Action`1 wrapCloseInAction)
   at System.Data.SqlClient.TdsParser.ThrowExceptionAndWarning(TdsParserStateObject stateObj, Boolean callerHasConnectionLock, Boolean asyncClose)
   at System.Data.SqlClient.TdsParser.TryRun(RunBehavior runBehavior, SqlCommand cmdHandler, SqlDataReader dataStream, BulkCopySimpleResultSet bulkCopyHandler, TdsParserStateObject stateObj, Boolean& dataReady)
   at System.Data.SqlClient.SqlDataReader.TryConsumeMetaData()
   at System.Data.SqlClient.SqlDataReader.get_MetaData()
   at System.Data.SqlClient.SqlCommand.FinishExecuteReader(SqlDataReader ds, RunBehavior runBehavior, String resetOptionsString, Boolean isInternal, Boolean forDescribeParameterEncryption, Boolean shouldCacheForAlwaysEncrypted)
   at System.Data.SqlClient.SqlCommand.RunExecuteReaderTds(CommandBehavior cmdBehavior, RunBehavior runBehavior, Boolean returnStream, Boolean async, Int32 timeout, Task& task, Boolean asyncWrite, Boolean inRetry, SqlDataReader ds, Boolean describeParameterEncryptionRequest)
   at System.Data.SqlClient.SqlCommand.RunExecuteReader(CommandBehavior cmdBehavior, RunBehavior runBehavior, Boolean returnStream, String method, TaskCompletionSource`1 completion, Int32 timeout, Task& task, Boolean& usedCache, Boolean asyncWrite, Boolean inRetry)
   at System.Data.SqlClient.SqlCommand.RunExecuteReader(CommandBehavior cmdBehavior, RunBehavior runBehavior, Boolean returnStream, String method)
   at System.Data.SqlClient.SqlCommand.ExecuteReader(CommandBehavior behavior, String method)
   at System.Data.SqlClient.SqlCommand.ExecuteDbDataReader(CommandBehavior behavior)
   at System.Data.Common.DbCommand.System.Data.IDbCommand.ExecuteReader(CommandBehavior behavior)
   at System.Data.Common.DbDataAdapter.FillInternal(DataSet dataset, DataTable[] datatables, Int32 startRecord, Int32 maxRecords, String srcTable, IDbCommand command, CommandBehavior behavior)
   at System.Data.Common.DbDataAdapter.Fill(DataTable[] dataTables, Int32 startRecord, Int32 maxRecords, IDbCommand command, CommandBehavior behavior)
   at System.Data.Common.DbDataAdapter.Fill(DataTable dataTable)
   at POSPatronImage.Support.Function.ExecuteDataTableProcedure(String procedureName, SqlParameter[] parameters) in C:\Users\nghiad.tran\Desktop\Curent Projects\TableTransactionRolling\POSPatronImage\Support\Function.cs:line 70
ClientConnectionId:711c299f-d3ee-4a81-814c-ae3a30fb6b8f
Error Number:8114,State:1,Class:16 HelpLink.ProdName: Microsoft SQL Server;HelpLink.ProdVer: 15.00.2000;HelpLink.EvtSrc: MSSQLServer;HelpLink.EvtID: 8114;HelpLink.BaseHelpUrl: http://go.microsoft.com/fwlink;HelpLink.LinkId: 20476
2024-10-04 13:23:51.5225 Error Error getting player information for PlayerID: 889851Submit System.Data.SqlClient.SqlException (0x80131904): Error converting data type nvarchar to int.
   at System.Data.SqlClient.SqlConnection.OnError(SqlException exception, Boolean breakConnection, Action`1 wrapCloseInAction)
   at System.Data.SqlClient.SqlInternalConnection.OnError(SqlException exception, Boolean breakConnection, Action`1 wrapCloseInAction)
   at System.Data.SqlClient.TdsParser.ThrowExceptionAndWarning(TdsParserStateObject stateObj, Boolean callerHasConnectionLock, Boolean asyncClose)
   at System.Data.SqlClient.TdsParser.TryRun(RunBehavior runBehavior, SqlCommand cmdHandler, SqlDataReader dataStream, BulkCopySimpleResultSet bulkCopyHandler, TdsParserStateObject stateObj, Boolean& dataReady)
   at System.Data.SqlClient.SqlDataReader.TryConsumeMetaData()
   at System.Data.SqlClient.SqlDataReader.get_MetaData()
   at System.Data.SqlClient.SqlCommand.FinishExecuteReader(SqlDataReader ds, RunBehavior runBehavior, String resetOptionsString, Boolean isInternal, Boolean forDescribeParameterEncryption, Boolean shouldCacheForAlwaysEncrypted)
   at System.Data.SqlClient.SqlCommand.RunExecuteReaderTds(CommandBehavior cmdBehavior, RunBehavior runBehavior, Boolean returnStream, Boolean async, Int32 timeout, Task& task, Boolean asyncWrite, Boolean inRetry, SqlDataReader ds, Boolean describeParameterEncryptionRequest)
   at System.Data.SqlClient.SqlCommand.RunExecuteReader(CommandBehavior cmdBehavior, RunBehavior runBehavior, Boolean returnStream, String method, TaskCompletionSource`1 completion, Int32 timeout, Task& task, Boolean& usedCache, Boolean asyncWrite, Boolean inRetry)
   at System.Data.SqlClient.SqlCommand.RunExecuteReader(CommandBehavior cmdBehavior, RunBehavior runBehavior, Boolean returnStream, String method)
   at System.Data.SqlClient.SqlCommand.ExecuteReader(CommandBehavior behavior, String method)
   at System.Data.SqlClient.SqlCommand.ExecuteDbDataReader(CommandBehavior behavior)
   at System.Data.Common.DbCommand.System.Data.IDbCommand.ExecuteReader(CommandBehavior behavior)
   at System.Data.Common.DbDataAdapter.FillInternal(DataSet dataset, DataTable[] datatables, Int32 startRecord, Int32 maxRecords, String srcTable, IDbCommand command, CommandBehavior behavior)
   at System.Data.Common.DbDataAdapter.Fill(DataTable[] dataTables, Int32 startRecord, Int32 maxRecords, IDbCommand command, CommandBehavior behavior)
   at System.Data.Common.DbDataAdapter.Fill(DataTable dataTable)
   at POSPatronImage.Support.Function.ExecuteDataTableProcedure(String procedureName, SqlParameter[] parameters) in C:\Users\nghiad.tran\Desktop\Curent Projects\TableTransactionRolling\POSPatronImage\Support\Function.cs:line 78
   at POSPatronImage.Support.Function.GetDataTableTransByPID(String playerID) in C:\Users\nghiad.tran\Desktop\Curent Projects\TableTransactionRolling\POSPatronImage\Support\Function.cs:line 134
   at POSPatronImage.TableTransactions.GetPlayerInformationFromID(String playerID) in C:\Users\nghiad.tran\Desktop\Curent Projects\TableTransactionRolling\POSPatronImage\TableTransactions.cs:line 115
ClientConnectionId:711c299f-d3ee-4a81-814c-ae3a30fb6b8f
Error Number:8114,State:1,Class:16 HelpLink.ProdName: Microsoft SQL Server;HelpLink.ProdVer: 15.00.2000;HelpLink.EvtSrc: MSSQLServer;HelpLink.EvtID: 8114;HelpLink.BaseHelpUrl: http://go.microsoft.com/fwlink;HelpLink.LinkId: 20476
2024-10-04 13:24:45.7965 Info Function class initialized successfully. 
2024-10-04 13:24:46.0325 Info TableTransactions form initialized. 
2024-10-04 13:24:47.2091 Debug Player info and transaction data reset. 
2024-10-04 13:24:47.2091 Info TableTransactions form loaded. 
2024-10-04 13:24:50.2751 Debug Player info and transaction data reset. 
2024-10-04 13:24:50.7680 Info Fetching player information for PlayerID: 889851Submit 
2024-10-04 13:24:51.5987 Info Decryption started. 
2024-10-04 13:24:51.5987 Info Data decrypted successfully. 
2024-10-04 13:24:51.6817 Error Error executing TableRolling_PID. System.Data.SqlClient.SqlException (0x80131904): Error converting data type nvarchar to int.
   at System.Data.SqlClient.SqlConnection.OnError(SqlException exception, Boolean breakConnection, Action`1 wrapCloseInAction)
   at System.Data.SqlClient.SqlInternalConnection.OnError(SqlException exception, Boolean breakConnection, Action`1 wrapCloseInAction)
   at System.Data.SqlClient.TdsParser.ThrowExceptionAndWarning(TdsParserStateObject stateObj, Boolean callerHasConnectionLock, Boolean asyncClose)
   at System.Data.SqlClient.TdsParser.TryRun(RunBehavior runBehavior, SqlCommand cmdHandler, SqlDataReader dataStream, BulkCopySimpleResultSet bulkCopyHandler, TdsParserStateObject stateObj, Boolean& dataReady)
   at System.Data.SqlClient.SqlDataReader.TryConsumeMetaData()
   at System.Data.SqlClient.SqlDataReader.get_MetaData()
   at System.Data.SqlClient.SqlCommand.FinishExecuteReader(SqlDataReader ds, RunBehavior runBehavior, String resetOptionsString, Boolean isInternal, Boolean forDescribeParameterEncryption, Boolean shouldCacheForAlwaysEncrypted)
   at System.Data.SqlClient.SqlCommand.RunExecuteReaderTds(CommandBehavior cmdBehavior, RunBehavior runBehavior, Boolean returnStream, Boolean async, Int32 timeout, Task& task, Boolean asyncWrite, Boolean inRetry, SqlDataReader ds, Boolean describeParameterEncryptionRequest)
   at System.Data.SqlClient.SqlCommand.RunExecuteReader(CommandBehavior cmdBehavior, RunBehavior runBehavior, Boolean returnStream, String method, TaskCompletionSource`1 completion, Int32 timeout, Task& task, Boolean& usedCache, Boolean asyncWrite, Boolean inRetry)
   at System.Data.SqlClient.SqlCommand.RunExecuteReader(CommandBehavior cmdBehavior, RunBehavior runBehavior, Boolean returnStream, String method)
   at System.Data.SqlClient.SqlCommand.ExecuteReader(CommandBehavior behavior, String method)
   at System.Data.SqlClient.SqlCommand.ExecuteDbDataReader(CommandBehavior behavior)
   at System.Data.Common.DbCommand.System.Data.IDbCommand.ExecuteReader(CommandBehavior behavior)
   at System.Data.Common.DbDataAdapter.FillInternal(DataSet dataset, DataTable[] datatables, Int32 startRecord, Int32 maxRecords, String srcTable, IDbCommand command, CommandBehavior behavior)
   at System.Data.Common.DbDataAdapter.Fill(DataTable[] dataTables, Int32 startRecord, Int32 maxRecords, IDbCommand command, CommandBehavior behavior)
   at System.Data.Common.DbDataAdapter.Fill(DataTable dataTable)
   at POSPatronImage.Support.Function.ExecuteDataTableProcedure(String procedureName, SqlParameter[] parameters) in C:\Users\nghiad.tran\Desktop\Curent Projects\TableTransactionRolling\POSPatronImage\Support\Function.cs:line 70
ClientConnectionId:548a8ecd-04ad-4eef-92f9-400cb1b8555f
Error Number:8114,State:1,Class:16 HelpLink.ProdName: Microsoft SQL Server;HelpLink.ProdVer: 15.00.2000;HelpLink.EvtSrc: MSSQLServer;HelpLink.EvtID: 8114;HelpLink.BaseHelpUrl: http://go.microsoft.com/fwlink;HelpLink.LinkId: 20476
2024-10-04 13:26:26.8797 Info Function class initialized successfully. 
2024-10-04 13:26:27.1726 Info TableTransactions form initialized. 
2024-10-04 13:26:35.3006 Debug Player info and transaction data reset. 
2024-10-04 13:26:35.3006 Info TableTransactions form loaded. 
2024-10-04 13:26:39.7622 Debug Player info and transaction data reset. 
2024-10-04 13:26:39.7622 Info Fetching player information for PlayerID: 889851Submit 
2024-10-04 13:26:42.8813 Error Error getting player information for PlayerID: 889851Submit System.FormatException: Input string was not in a correct format.
   at System.Number.StringToNumber(String str, NumberStyles options, NumberBuffer& number, NumberFormatInfo info, Boolean parseDecimal)
   at System.Number.ParseInt32(String s, NumberStyles style, NumberFormatInfo info)
   at System.Convert.ToInt32(String value)
   at POSPatronImage.TableTransactions.GetPlayerInformationFromID(String playerID) in C:\Users\nghiad.tran\Desktop\Curent Projects\TableTransactionRolling\POSPatronImage\TableTransactions.cs:line 115
2024-10-04 13:27:14.9462 Info Function class initialized successfully. 
2024-10-04 13:27:15.1601 Info TableTransactions form initialized. 
2024-10-04 13:27:16.6426 Debug Player info and transaction data reset. 
2024-10-04 13:27:16.6426 Info TableTransactions form loaded. 
2024-10-04 13:27:19.8007 Debug Player info and transaction data reset. 
2024-10-04 13:27:20.2215 Info Fetching player information for PlayerID: 889851Submit 
2024-10-04 13:27:42.8624 Info Function class initialized successfully. 
2024-10-04 13:27:43.2033 Info TableTransactions form initialized. 
2024-10-04 13:27:43.9540 Debug Player info and transaction data reset. 
2024-10-04 13:27:43.9560 Info TableTransactions form loaded. 
2024-10-04 13:27:46.4242 Debug Player info and transaction data reset. 
2024-10-04 13:27:46.8941 Info Fetching player information for PlayerID: 889851Submit 
2024-10-04 13:28:56.8990 Info Function class initialized successfully. 
2024-10-04 13:28:57.2959 Info TableTransactions form initialized. 
2024-10-04 13:28:58.5925 Debug Player info and transaction data reset. 
2024-10-04 13:28:58.5925 Info TableTransactions form loaded. 
2024-10-04 13:29:07.8496 Debug Player info and transaction data reset. 
2024-10-04 13:29:08.6863 Info Fetching player information for PlayerID: 889851Submit 
2024-10-04 13:31:48.6205 Info Function class initialized successfully. 
2024-10-04 13:31:48.8554 Info TableTransactions form initialized. 
2024-10-04 13:31:49.9920 Debug Player info and transaction data reset. 
2024-10-04 13:31:49.9920 Info TableTransactions form loaded. 
2024-10-04 13:31:55.1424 Debug Player info and transaction data reset. 
2024-10-04 13:31:55.4933 Info Fetching player information for PlayerID: 889851 
2024-10-04 13:31:55.8302 Info Decryption started. 
2024-10-04 13:31:55.8302 Info Data decrypted successfully. 
2024-10-04 13:31:57.4787 Info Displayed information for PlayerID: 889851 
2024-10-04 13:31:57.4997 Info Displayed information for PlayerID: 889851 
2024-10-04 13:31:57.6027 Info Successfully retrieved player data for PlayerID: 889851. Transaction count: 709 
2024-10-04 13:32:03.3928 Info Decryption started. 
2024-10-04 13:32:03.3928 Info Data decrypted successfully. 
2024-10-04 13:33:52.2077 Info Function class initialized successfully. 
2024-10-04 13:33:52.6126 Info TableTransactions form initialized. 
2024-10-04 13:33:54.9958 Debug Player info and transaction data reset. 
2024-10-04 13:33:54.9958 Info TableTransactions form loaded. 
2024-10-04 13:33:55.7356 Info Decryption started. 
2024-10-04 13:33:55.7356 Info Data decrypted successfully. 
2024-10-04 13:34:03.3662 Info Decryption started. 
2024-10-04 13:34:03.3662 Info Data decrypted successfully. 
2024-10-04 13:34:33.7729 Info Function class initialized successfully. 
2024-10-04 13:34:34.1368 Info TableTransactions form initialized. 
2024-10-04 13:34:36.0952 Debug Player info and transaction data reset. 
2024-10-04 13:34:36.0952 Info TableTransactions form loaded. 
2024-10-04 13:34:37.6417 Debug Player info and transaction data reset. 
2024-10-04 13:34:37.6417 Info Fetching player information for PlayerID: 889851 
2024-10-04 13:34:37.6417 Info Decryption started. 
2024-10-04 13:34:37.6457 Info Data decrypted successfully. 
2024-10-04 13:34:37.8347 Info Displayed information for PlayerID: 889851 
2024-10-04 13:34:37.9056 Info Displayed information for PlayerID: 889851 
2024-10-04 13:34:37.9806 Info Successfully retrieved player data for PlayerID: 889851. Transaction count: 709 
2024-10-04 13:34:39.6291 Info Decryption started. 
2024-10-04 13:34:39.6301 Info Data decrypted successfully. 
2024-10-04 13:37:11.7719 Info Function class initialized successfully. 
2024-10-04 13:37:12.0828 Info TableTransactions form initialized. 
2024-10-04 13:37:49.4309 Info Function class initialized successfully. 
2024-10-04 13:37:49.6458 Info TableTransactions form initialized. 
2024-10-04 13:37:51.0324 Debug Player info and transaction data reset. 
2024-10-04 13:37:51.0324 Info TableTransactions form loaded. 
2024-10-04 13:37:54.6252 Debug Player info and transaction data reset. 
2024-10-04 13:37:54.6252 Info Fetching player information for PlayerID: 889851 
2024-10-04 13:37:54.6252 Info Decryption started. 
2024-10-04 13:37:54.6302 Info Data decrypted successfully. 
2024-10-04 13:37:54.8212 Info Displayed information for PlayerID: 889851 
2024-10-04 13:37:54.9121 Info Displayed information for PlayerID: 889851 
2024-10-04 13:37:54.9861 Info Successfully retrieved player data for PlayerID: 889851. Transaction count: 709 
2024-10-04 13:37:55.9798 Info Decryption started. 
2024-10-04 13:37:55.9798 Info Data decrypted successfully. 
2024-10-04 13:40:07.9583 Info Function class initialized successfully. 
2024-10-04 13:40:08.2672 Info TableTransactions form initialized. 
2024-10-04 13:41:44.8255 Info Function class initialized successfully. 
2024-10-04 13:41:45.1064 Info TableTransactions form initialized. 
2024-10-04 13:41:45.9582 Debug Player info and transaction data reset. 
2024-10-04 13:41:45.9582 Info TableTransactions form loaded. 
2024-10-04 13:41:51.0426 Debug Player info and transaction data reset. 
2024-10-04 13:41:51.0426 Info Fetching player information for PlayerID: 889851 
2024-10-04 13:41:51.0426 Info Decryption started. 
2024-10-04 13:41:51.0426 Info Data decrypted successfully. 
2024-10-04 13:41:51.2855 Info Displayed information for PlayerID: 889851 
2024-10-04 13:41:51.3075 Info Displayed information for PlayerID: 889851 
2024-10-04 13:41:51.3265 Info Successfully retrieved player data for PlayerID: 889851. Transaction count: 709 
2024-10-04 13:41:53.6628 Info Decryption started. 
2024-10-04 13:41:53.6628 Info Data decrypted successfully. 
2024-10-04 13:41:56.1440 Info Decryption started. 
2024-10-04 13:41:56.1440 Info Data decrypted successfully. 
2024-10-04 13:41:59.6399 Info Decryption started. 
2024-10-04 13:41:59.6399 Info Data decrypted successfully. 
2024-10-04 13:41:59.8538 Info Rendering report for printing. 
2024-10-04 13:42:00.7165 Info Report rendered successfully. 
2024-10-04 13:42:01.1094 Info Printing initiated. 
2024-10-04 13:42:01.1094 Info Print initiated for selected rows, copy 1. 
2024-10-04 13:42:01.1094 Info Rendering report for printing. 
2024-10-04 13:42:01.2614 Info Report rendered successfully. 
2024-10-04 13:42:01.7782 Info Printing initiated. 
2024-10-04 13:42:01.7782 Info Print initiated for selected rows, copy 2. 
2024-10-04 13:42:32.6966 Debug Player info and transaction data reset. 
2024-10-04 13:44:48.8178 Info Function class initialized successfully. 
2024-10-04 13:44:49.2267 Info TableTransactions form initialized. 
2024-10-04 13:44:52.9655 Debug Player info and transaction data reset. 
2024-10-04 13:44:52.9655 Info TableTransactions form loaded. 
2024-10-04 13:44:54.6050 Debug Player info and transaction data reset. 
2024-10-04 13:44:54.6050 Info Fetching player information for PlayerID: 889851 
2024-10-04 13:44:54.6050 Info Decryption started. 
2024-10-04 13:44:54.6050 Info Data decrypted successfully. 
2024-10-04 13:44:54.8699 Info Displayed information for PlayerID: 889851 
2024-10-04 13:44:54.9618 Info Displayed information for PlayerID: 889851 
2024-10-04 13:44:55.0408 Info Successfully retrieved player data for PlayerID: 889851. Transaction count: 708 
2024-10-04 13:44:56.9222 Info Decryption started. 
2024-10-04 13:44:56.9222 Info Data decrypted successfully. 
2024-10-04 13:44:59.8873 Info Decryption started. 
2024-10-04 13:44:59.8873 Info Data decrypted successfully. 
2024-10-04 13:45:00.0342 Info Rendering report for printing. 
2024-10-04 13:45:00.8030 Info Report rendered successfully. 
2024-10-04 13:45:01.1579 Info Printing initiated. 
2024-10-04 13:45:01.1579 Info Print initiated for selected rows, copy 1. 
2024-10-04 13:45:01.1579 Info Rendering report for printing. 
2024-10-04 13:45:01.3368 Info Report rendered successfully. 
2024-10-04 13:45:01.8597 Info Printing initiated. 
2024-10-04 13:45:01.8597 Info Print initiated for selected rows, copy 2. 
2024-10-04 13:45:22.5496 Debug Player info and transaction data reset. 
2024-10-04 13:45:26.0035 Info Decryption started. 
2024-10-04 13:45:26.0035 Info Data decrypted successfully. 
2024-10-04 13:48:14.5522 Info Function class initialized successfully. 
2024-10-04 13:48:15.0420 Info TableTransactions form initialized. 
2024-10-04 13:48:16.4426 Debug Player info and transaction data reset. 
2024-10-04 13:48:16.4426 Info TableTransactions form loaded. 
2024-10-04 13:48:17.9901 Debug Player info and transaction data reset. 
2024-10-04 13:48:17.9901 Info Fetching player information for PlayerID: 889851 
2024-10-04 13:48:17.9931 Info Decryption started. 
2024-10-04 13:48:17.9931 Info Data decrypted successfully. 
2024-10-04 13:48:18.2020 Info Displayed information for PlayerID: 889851 
2024-10-04 13:48:18.2650 Info Displayed information for PlayerID: 889851 
2024-10-04 13:48:18.3270 Info Successfully retrieved player data for PlayerID: 889851. Transaction count: 708 
2024-10-04 13:48:19.0628 Info Decryption started. 
2024-10-04 13:48:19.0628 Info Data decrypted successfully. 
2024-10-04 13:48:19.9575 Info Decryption started. 
2024-10-04 13:48:19.9575 Info Data decrypted successfully. 
2024-10-04 13:48:20.4853 Info Decryption started. 
2024-10-04 13:48:20.4853 Info Data decrypted successfully. 
2024-10-04 13:48:20.9312 Info Decryption started. 
2024-10-04 13:48:20.9312 Info Data decrypted successfully. 
2024-10-04 13:48:21.3540 Info Decryption started. 
2024-10-04 13:48:21.3540 Info Data decrypted successfully. 
2024-10-04 13:48:21.7809 Info Decryption started. 
2024-10-04 13:48:21.7809 Info Data decrypted successfully. 
2024-10-04 13:48:22.4437 Info Decryption started. 
2024-10-04 13:48:22.4437 Info Data decrypted successfully. 
2024-10-04 13:48:23.8912 Info Decryption started. 
2024-10-04 13:48:23.8912 Info Data decrypted successfully. 
2024-10-04 13:48:23.9452 Info Rendering report for printing. 
2024-10-04 13:48:24.6570 Info Report rendered successfully. 
2024-10-04 13:48:25.0219 Info Printing initiated. 
2024-10-04 13:48:25.0219 Info Print initiated for selected rows, copy 1. 
2024-10-04 13:48:25.0249 Info Rendering report for printing. 
2024-10-04 13:48:25.2768 Info Report rendered successfully. 
2024-10-04 13:48:25.6877 Info Printing initiated. 
2024-10-04 13:48:25.6877 Info Print initiated for selected rows, copy 2. 
2024-10-04 13:48:32.5545 Info Decryption started. 
2024-10-04 13:48:32.5545 Info Data decrypted successfully. 
2024-10-04 13:48:35.2117 Info Decryption started. 
2024-10-04 13:48:35.2117 Info Data decrypted successfully. 
2024-10-04 13:48:53.9078 Debug Player info and transaction data reset. 
2024-10-04 13:48:54.3026 Info Decryption started. 
2024-10-04 13:48:54.3026 Info Data decrypted successfully. 
2024-10-04 13:48:58.0475 Debug Player info and transaction data reset. 
2024-10-04 13:48:58.0475 Info Fetching player information for PlayerID: 889851 
2024-10-04 13:48:58.0475 Info Decryption started. 
2024-10-04 13:48:58.0475 Info Data decrypted successfully. 
2024-10-04 13:48:58.1524 Info Displayed information for PlayerID: 889851 
2024-10-04 13:48:58.1524 Info Successfully retrieved player data for PlayerID: 889851. Transaction count: 708 
2024-10-04 13:48:59.0861 Info Decryption started. 
2024-10-04 13:48:59.0861 Info Data decrypted successfully. 
2024-10-04 13:49:08.4992 Info Decryption started. 
2024-10-04 13:49:08.4992 Info Data decrypted successfully. 
2024-10-04 13:49:17.6243 Debug Player info and transaction data reset. 
2024-10-04 13:49:17.6243 Info Fetching player information for PlayerID: 889851 
2024-10-04 13:49:17.6243 Info Decryption started. 
2024-10-04 13:49:17.6243 Info Data decrypted successfully. 
2024-10-04 13:49:17.7462 Info Displayed information for PlayerID: 889851 
2024-10-04 13:49:17.7462 Info Successfully retrieved player data for PlayerID: 889851. Transaction count: 708 
2024-10-04 13:49:19.9926 Info Decryption started. 
2024-10-04 13:49:19.9926 Info Data decrypted successfully. 
2024-10-04 13:49:24.1552 Info Decryption started. 
2024-10-04 13:49:24.1552 Info Data decrypted successfully. 
2024-10-04 13:49:25.8057 Debug Player info and transaction data reset. 
2024-10-04 13:50:09.7324 Info Function class initialized successfully. 
2024-10-04 13:50:10.0293 Info TableTransactions form initialized. 
2024-10-04 13:50:10.8510 Debug Player info and transaction data reset. 
2024-10-04 13:50:10.8530 Info TableTransactions form loaded. 
2024-10-04 13:50:11.7637 Info Decryption started. 
2024-10-04 13:50:11.7637 Info Data decrypted successfully. 
2024-10-04 13:50:16.0984 Debug Player info and transaction data reset. 
2024-10-04 13:50:18.8625 Debug Player info and transaction data reset. 
2024-10-04 13:50:18.8625 Info Fetching player information for PlayerID: 889851 
2024-10-04 13:50:18.8625 Info Decryption started. 
2024-10-04 13:50:18.8625 Info Data decrypted successfully. 
2024-10-04 13:50:18.9824 Info Displayed information for PlayerID: 889851 
2024-10-04 13:50:19.0034 Info Successfully retrieved player data for PlayerID: 889851. Transaction count: 708 
2024-10-04 13:50:20.1441 Info Displayed information for PlayerID: 889851 
2024-10-04 13:50:20.3400 Info Displayed information for PlayerID: 889851 
2024-10-04 13:50:20.4850 Info Displayed information for PlayerID: 889851 
2024-10-04 13:50:20.6769 Info Displayed information for PlayerID: 889851 
2024-10-04 13:50:20.8519 Info Displayed information for PlayerID: 889851 
2024-10-04 13:50:22.2584 Info Decryption started. 
2024-10-04 13:50:22.2584 Info Data decrypted successfully. 
2024-10-04 13:50:57.4673 Info Decryption started. 
2024-10-04 13:50:57.4673 Info Data decrypted successfully. 
2024-10-04 13:50:58.6999 Info Decryption started. 
2024-10-04 13:50:58.6999 Info Data decrypted successfully. 
2024-10-04 13:50:58.7519 Info Rendering report for printing. 
2024-10-04 13:50:59.5117 Info Report rendered successfully. 
2024-10-04 13:50:59.8835 Info Printing initiated. 
2024-10-04 13:50:59.8835 Info Print initiated for selected rows, copy 1. 
2024-10-04 13:50:59.8835 Info Rendering report for printing. 
2024-10-04 13:51:00.1305 Info Report rendered successfully. 
2024-10-04 13:51:00.6983 Info Printing initiated. 
2024-10-04 13:51:00.6983 Info Print initiated for selected rows, copy 2. 
2024-10-04 13:51:29.7231 Info Function class initialized successfully. 
2024-10-04 13:51:30.0900 Info TableTransactions form initialized. 
2024-10-04 13:51:31.2567 Debug Player info and transaction data reset. 
2024-10-04 13:51:31.2587 Info TableTransactions form loaded. 
2024-10-04 13:51:33.2390 Debug Player info and transaction data reset. 
2024-10-04 13:51:33.2390 Info Fetching player information for PlayerID: 889851 
2024-10-04 13:51:33.2430 Info Decryption started. 
2024-10-04 13:51:33.2430 Info Data decrypted successfully. 
2024-10-04 13:51:33.4300 Info Displayed information for PlayerID: 889851 
2024-10-04 13:51:33.4989 Info Displayed information for PlayerID: 889851 
2024-10-04 13:51:33.5639 Info Successfully retrieved player data for PlayerID: 889851. Transaction count: 708 
2024-10-04 13:51:33.8688 Info Decryption started. 
2024-10-04 13:51:33.8688 Info Data decrypted successfully. 
2024-10-04 13:51:36.2451 Info Decryption started. 
2024-10-04 13:51:36.2451 Info Data decrypted successfully. 
2024-10-04 13:51:36.3111 Info Rendering report for printing. 
2024-10-04 13:51:37.2418 Info Report rendered successfully. 
2024-10-04 13:51:37.6686 Info Printing initiated. 
2024-10-04 13:51:37.6686 Info Print initiated for selected rows, copy 1. 
2024-10-04 13:51:37.6686 Info Rendering report for printing. 
2024-10-04 13:51:37.9325 Info Report rendered successfully. 
2024-10-04 13:51:38.5663 Info Printing initiated. 
2024-10-04 13:51:38.5663 Info Print initiated for selected rows, copy 2. 
2024-10-04 14:14:26.6914 Info Function class initialized successfully. 
2024-10-04 14:14:26.9693 Info TableTransactions form initialized. 
2024-10-04 14:14:28.0709 Debug Player info and transaction data reset. 
2024-10-04 14:14:28.0709 Info TableTransactions form loaded. 
2024-10-04 14:14:34.0530 Debug Player info and transaction data reset. 
2024-10-04 14:14:34.0530 Info Fetching player information for PlayerID: 889851 
2024-10-04 14:14:34.0530 Info Decryption started. 
2024-10-04 14:14:34.0530 Info Data decrypted successfully. 
2024-10-04 14:14:34.2350 Info Displayed information for PlayerID: 889851 
2024-10-04 14:14:34.2560 Info Displayed information for PlayerID: 889851 
2024-10-04 14:14:34.2820 Info Successfully retrieved player data for PlayerID: 889851. Transaction count: 708 
2024-10-04 14:14:35.3096 Info Decryption started. 
2024-10-04 14:14:35.3106 Info Data decrypted successfully. 
2024-10-04 14:14:40.2021 Info Decryption started. 
2024-10-04 14:14:40.2021 Info Data decrypted successfully. 
2024-10-04 14:14:40.3221 Info Rendering report for printing. 
2024-10-04 14:14:46.6211 Info Report rendered successfully. 
2024-10-04 14:14:47.0319 Info Printing initiated. 
2024-10-04 14:14:47.0319 Info Print initiated for selected rows, copy 1. 
2024-10-04 14:14:47.0319 Info Rendering report for printing. 
2024-10-04 14:14:47.6278 Info Report rendered successfully. 
2024-10-04 14:14:48.0426 Info Printing initiated. 
2024-10-04 14:14:48.0426 Info Print initiated for selected rows, copy 2. 
2024-10-04 14:14:48.0426 Info Decryption started. 
2024-10-04 14:14:48.0426 Info Data decrypted successfully. 
2024-10-04 14:14:48.1606 Info Displayed information for PlayerID: 889851 
2024-10-04 14:16:36.6904 Info Function class initialized successfully. 
2024-10-04 14:16:37.0783 Info TableTransactions form initialized. 
2024-10-04 14:16:39.4995 Debug Player info and transaction data reset. 
2024-10-04 14:16:39.4995 Info TableTransactions form loaded. 
2024-10-04 14:16:41.7498 Debug Player info and transaction data reset. 
2024-10-04 14:16:41.7498 Info Fetching player information for PlayerID: 889851 
2024-10-04 14:16:41.7498 Info Decryption started. 
2024-10-04 14:16:41.7498 Info Data decrypted successfully. 
2024-10-04 14:16:42.0347 Info Displayed information for PlayerID: 889851 
2024-10-04 14:16:42.1367 Info Displayed information for PlayerID: 889851 
2024-10-04 14:16:42.2347 Info Successfully retrieved player data for PlayerID: 889851. Transaction count: 707 
2024-10-04 14:16:43.3373 Info Decryption started. 
2024-10-04 14:16:43.3373 Info Data decrypted successfully. 
2024-10-04 14:16:43.3953 Info Rendering report for printing. 
2024-10-04 14:16:44.3410 Info Report rendered successfully. 
2024-10-04 14:16:44.7589 Info Printing initiated. 
2024-10-04 14:16:44.7589 Info Print initiated for selected rows, copy 1. 
2024-10-04 14:16:44.7898 Info Rendering report for printing. 
2024-10-04 14:16:45.0208 Info Report rendered successfully. 
2024-10-04 14:16:45.6156 Info Printing initiated. 
2024-10-04 14:16:45.6156 Info Print initiated for selected rows, copy 2. 
2024-10-04 14:16:45.6156 Info Decryption started. 
2024-10-04 14:16:45.6156 Info Data decrypted successfully. 
2024-10-04 14:16:45.7415 Info Displayed information for PlayerID: 889851 
2024-10-04 14:43:25.9031 Info Function class initialized successfully. 
2024-10-04 14:43:26.1280 Info TableTransactions form initialized. 
2024-10-04 14:43:27.1067 Debug Player info and transaction data reset. 
2024-10-04 14:43:27.1067 Info TableTransactions form loaded. 
2024-10-04 14:43:28.5182 Debug Player info and transaction data reset. 
2024-10-04 14:43:28.5182 Info Fetching player information for PlayerID: 889851 
2024-10-04 14:43:28.5222 Info Decryption started. 
2024-10-04 14:43:28.5222 Info Data decrypted successfully. 
2024-10-04 14:43:28.6662 Info Displayed information for PlayerID: 889851 
2024-10-04 14:43:28.6842 Info Displayed information for PlayerID: 889851 
2024-10-04 14:43:28.7082 Info Successfully retrieved player data for PlayerID: 889851. Transaction count: 702 
2024-10-04 14:43:40.1596 Info Decryption started. 
2024-10-04 14:43:40.1596 Info Data decrypted successfully. 
2024-10-04 14:45:01.4214 Info Function class initialized successfully. 
2024-10-04 14:45:01.9252 Info TableTransactions form initialized. 
2024-10-04 14:45:08.1069 Debug Player info and transaction data reset. 
2024-10-04 14:45:08.1069 Info TableTransactions form loaded. 
2024-10-04 14:45:09.5884 Debug Player info and transaction data reset. 
2024-10-04 14:45:09.5884 Info Fetching player information for PlayerID: 889851 
2024-10-04 14:45:09.5884 Info Decryption started. 
2024-10-04 14:45:09.5884 Info Data decrypted successfully. 
2024-10-04 14:45:09.8573 Info Displayed information for PlayerID: 889851 
2024-10-04 14:45:09.8823 Info Displayed information for PlayerID: 889851 
2024-10-04 14:45:09.9103 Info Successfully retrieved player data for PlayerID: 889851. Transaction count: 702 
2024-10-04 14:45:15.2716 Info Decryption started. 
2024-10-04 14:45:15.2716 Info Data decrypted successfully. 
2024-10-04 14:49:02.0827 Info Function class initialized successfully. 
2024-10-04 14:49:02.3247 Info TableTransactions form initialized. 
2024-10-04 14:49:03.2264 Debug Player info and transaction data reset. 
2024-10-04 14:49:03.2264 Info TableTransactions form loaded. 
2024-10-04 14:49:04.5670 Debug Player info and transaction data reset. 
2024-10-04 14:49:04.5670 Info Fetching player information for PlayerID: 889851 
2024-10-04 14:49:04.5700 Info Decryption started. 
2024-10-04 14:49:04.5700 Info Data decrypted successfully. 
2024-10-04 14:49:04.7149 Info Displayed information for PlayerID: 889851 
2024-10-04 14:49:04.7329 Info Displayed information for PlayerID: 889851 
2024-10-04 14:49:05.2577 Info Successfully retrieved player data for PlayerID: 889851. Transaction count: 702 
2024-10-04 14:49:08.9596 Info Decryption started. 
2024-10-04 14:49:08.9596 Info Data decrypted successfully. 
2024-10-04 14:50:32.3117 Info Function class initialized successfully. 
2024-10-04 14:50:32.5656 Info TableTransactions form initialized. 
2024-10-04 14:50:33.2554 Debug Player info and transaction data reset. 
2024-10-04 14:50:33.2564 Info TableTransactions form loaded. 
2024-10-04 14:50:34.8419 Debug Player info and transaction data reset. 
2024-10-04 14:50:34.8419 Info Fetching player information for PlayerID: 889851 
2024-10-04 14:50:34.8419 Info Decryption started. 
2024-10-04 14:50:34.8419 Info Data decrypted successfully. 
2024-10-04 14:50:35.0268 Info Displayed information for PlayerID: 889851 
2024-10-04 14:50:35.0618 Info Displayed information for PlayerID: 889851 
2024-10-04 14:50:35.9985 Info Successfully retrieved player data for PlayerID: 889851. Transaction count: 702 
2024-10-04 14:51:24.4702 Info Decryption started. 
2024-10-04 14:51:24.4702 Info Data decrypted successfully. 
2024-10-04 14:51:36.4934 Info Decryption started. 
2024-10-04 14:51:36.4934 Info Data decrypted successfully. 
2024-10-04 14:51:52.9742 Info Displayed information for PlayerID: 889851 
2024-10-04 14:51:53.6030 Info Displayed information for PlayerID: 889851 
2024-10-04 14:51:53.9119 Info Displayed information for PlayerID: 889851 
2024-10-04 14:51:53.9149 Info Displayed information for PlayerID: 889851 
2024-10-04 14:51:54.0279 Info Displayed information for PlayerID: 889851 
2024-10-04 14:51:54.2918 Info Displayed information for PlayerID: 889851 
2024-10-04 14:51:54.5308 Info Displayed information for PlayerID: 889851 
2024-10-04 14:51:54.8127 Info Displayed information for PlayerID: 889851 
2024-10-04 14:51:55.0186 Info Displayed information for PlayerID: 889851 
2024-10-04 14:51:55.4025 Info Displayed information for PlayerID: 889851 
2024-10-04 14:51:55.5954 Info Displayed information for PlayerID: 889851 
2024-10-04 14:51:55.7714 Info Displayed information for PlayerID: 889851 
2024-10-04 14:51:55.9393 Info Displayed information for PlayerID: 889851 
2024-10-04 14:51:56.3472 Info Displayed information for PlayerID: 889851 
2024-10-04 14:53:04.6582 Info Decryption started. 
2024-10-04 14:53:04.6582 Info Data decrypted successfully. 
2024-10-04 14:53:50.3507 Info Decryption started. 
2024-10-04 14:53:50.3507 Info Data decrypted successfully. 
2024-10-04 14:54:18.6248 Info Function class initialized successfully. 
2024-10-04 14:54:18.9447 Info TableTransactions form initialized. 
2024-10-04 14:54:20.7152 Debug Player info and transaction data reset. 
2024-10-04 14:54:20.7152 Info TableTransactions form loaded. 
2024-10-04 14:54:49.7744 Info Function class initialized successfully. 
2024-10-04 14:54:50.2272 Info TableTransactions form initialized. 
2024-10-04 14:54:51.0560 Debug Player info and transaction data reset. 
2024-10-04 14:54:51.0560 Info TableTransactions form loaded. 
2024-10-04 14:55:02.2844 Info Function class initialized successfully. 
2024-10-04 14:55:02.6903 Info TableTransactions form initialized. 
2024-10-04 14:55:03.7140 Debug Player info and transaction data reset. 
2024-10-04 14:55:03.7140 Info TableTransactions form loaded. 
2024-10-04 14:55:05.2325 Debug Player info and transaction data reset. 
2024-10-04 14:55:05.2325 Info Fetching player information for PlayerID: 889851 
2024-10-04 14:55:05.2325 Info Decryption started. 
2024-10-04 14:55:05.2325 Info Data decrypted successfully. 
2024-10-04 14:55:05.3925 Info Displayed information for PlayerID: 889851 
2024-10-04 14:55:05.4135 Info Displayed information for PlayerID: 889851 
2024-10-04 14:55:06.1702 Info Successfully retrieved player data for PlayerID: 889851. Transaction count: 702 
2024-10-04 14:55:08.0096 Info Decryption started. 
2024-10-04 14:55:08.0096 Info Data decrypted successfully. 
2024-10-04 14:55:09.7581 Info Decryption started. 
2024-10-04 14:55:09.7581 Info Data decrypted successfully. 
2024-10-04 14:55:14.6625 Info Decryption started. 
2024-10-04 14:55:14.6635 Info Data decrypted successfully. 
2024-10-04 14:55:15.7662 Info Displayed information for PlayerID: 889851 
2024-10-04 14:55:16.0841 Info Displayed information for PlayerID: 889851 
2024-10-04 14:55:16.3640 Info Displayed information for PlayerID: 889851 
2024-10-04 14:55:16.5419 Info Displayed information for PlayerID: 889851 
2024-10-04 14:55:16.7179 Info Displayed information for PlayerID: 889851 
2024-10-04 14:55:16.9088 Info Displayed information for PlayerID: 889851 
2024-10-04 14:55:17.1318 Info Displayed information for PlayerID: 889851 
2024-10-04 14:55:17.2937 Info Displayed information for PlayerID: 889851 
2024-10-04 14:55:17.4597 Info Displayed information for PlayerID: 889851 
2024-10-04 14:55:17.6516 Info Displayed information for PlayerID: 889851 
2024-10-04 14:55:18.2154 Info Displayed information for PlayerID: 889851 
2024-10-04 14:55:18.3994 Info Displayed information for PlayerID: 889851 
2024-10-04 14:55:18.5753 Info Displayed information for PlayerID: 889851 
2024-10-04 14:55:18.9922 Info Displayed information for PlayerID: 889851 
2024-10-04 14:55:19.1671 Info Displayed information for PlayerID: 889851 
2024-10-04 14:55:19.3511 Info Displayed information for PlayerID: 889851 
2024-10-04 14:55:19.5350 Info Displayed information for PlayerID: 889851 
2024-10-04 14:55:19.7100 Info Displayed information for PlayerID: 889851 
2024-10-04 14:55:20.0069 Info Displayed information for PlayerID: 889851 
2024-10-04 14:55:20.1998 Info Displayed information for PlayerID: 889851 
2024-10-04 14:55:20.3827 Info Displayed information for PlayerID: 889851 
2024-10-04 14:55:20.5777 Info Displayed information for PlayerID: 889851 
2024-10-04 14:55:20.7606 Info Displayed information for PlayerID: 889851 
2024-10-04 14:55:21.3424 Info Displayed information for PlayerID: 889851 
2024-10-04 14:55:21.6124 Info Displayed information for PlayerID: 889851 
2024-10-04 14:55:21.8603 Info Displayed information for PlayerID: 889851 
2024-10-04 14:55:22.0292 Info Displayed information for PlayerID: 889851 
2024-10-04 14:55:22.2122 Info Displayed information for PlayerID: 889851 
2024-10-04 14:55:22.3881 Info Displayed information for PlayerID: 889851 
2024-10-04 14:55:22.5800 Info Displayed information for PlayerID: 889851 
2024-10-04 14:55:22.7490 Info Displayed information for PlayerID: 889851 
2024-10-04 14:55:22.9169 Info Displayed information for PlayerID: 889851 
2024-10-04 14:55:23.0999 Info Displayed information for PlayerID: 889851 
2024-10-04 14:55:23.2938 Info Displayed information for PlayerID: 889851 
2024-10-04 14:55:23.4528 Info Displayed information for PlayerID: 889851 
2024-10-04 14:55:23.6127 Info Displayed information for PlayerID: 889851 
2024-10-04 14:55:23.8037 Info Displayed information for PlayerID: 889851 
2024-10-04 14:55:23.9876 Info Displayed information for PlayerID: 889851 
2024-10-04 14:55:24.1655 Info Displayed information for PlayerID: 889851 
2024-10-04 14:55:24.3565 Info Displayed information for PlayerID: 889851 
2024-10-04 14:55:24.5324 Info Displayed information for PlayerID: 889851 
2024-10-04 14:55:26.6608 Info Decryption started. 
2024-10-04 14:55:26.6608 Info Data decrypted successfully. 
2024-10-04 14:56:45.1836 Info Function class initialized successfully. 
2024-10-04 14:56:45.9613 Info TableTransactions form initialized. 
2024-10-04 14:56:47.3749 Debug Player info and transaction data reset. 
2024-10-04 14:56:47.3749 Info TableTransactions form loaded. 
2024-10-04 14:56:48.6975 Debug Player info and transaction data reset. 
2024-10-04 14:56:48.6975 Info Fetching player information for PlayerID: 889851 
2024-10-04 14:56:48.6975 Info Decryption started. 
2024-10-04 14:56:48.6975 Info Data decrypted successfully. 
2024-10-04 14:56:48.8574 Info Displayed information for PlayerID: 889851 
2024-10-04 14:56:48.8794 Info Displayed information for PlayerID: 889851 
2024-10-04 14:56:50.0051 Info Successfully retrieved player data for PlayerID: 889851. Transaction count: 702 
2024-10-04 14:56:54.7545 Info Decryption started. 
2024-10-04 14:56:54.7545 Info Data decrypted successfully. 
2024-10-04 14:57:02.9350 Info Decryption started. 
2024-10-04 14:57:02.9350 Info Data decrypted successfully. 
2024-10-04 14:58:33.9010 Info Function class initialized successfully. 
2024-10-04 14:58:34.2429 Info TableTransactions form initialized. 
2024-10-04 14:58:35.5235 Debug Player info and transaction data reset. 
2024-10-04 14:58:35.5235 Info TableTransactions form loaded. 
2024-10-04 14:58:36.6921 Debug Player info and transaction data reset. 
2024-10-04 14:58:36.6921 Info Fetching player information for PlayerID: public void SetupDataGridView(DataGridView dgv, DataTable dt, string[] hiddenColumns, Dictionary<string, string> columnHeaders)
{
    // Ensure the DataTable is not null or empty
    if (dt == null || dt.Rows.Count == 0)
    {
        dgv.DataSource = null;
        MessageBox.Show("No data available to display.", "Data Error", MessageBoxButtons.OK, MessageBoxIcon.Warning);
        return;
    }

    dgv.DataSource = dt;
    dgv.RowHeadersVisible = false; // Hide row headers for a cleaner look

    // Remove any space between cells by setting padding to zero
    dgv.DefaultCellStyle.Padding = new Padding(0);
    dgv.ColumnHeadersDefaultCellStyle.Padding = new Padding(0);

    // Remove extra margins
    dgv.Margin = new Padding(0);
    dgv.ColumnHeadersDefaultCellStyle.Alignment = DataGridViewContentAlignment.MiddleCenter;
    dgv.DefaultCellStyle.Alignment = DataGridViewContentAlignment.MiddleCenter;

    // Disable auto-size mode to manually control the column widths
    dgv.AutoSizeColumnsMode = DataGridViewAutoSizeColumnsMode.None; // Turn off auto-size for columns
    dgv.AutoSizeRowsMode = DataGridViewAutoSizeRowsMode.None; // Turn off auto-size for rows

    // Set the column widths based on their content
    foreach (DataGridViewColumn column in dgv.Columns)
    {
        // Hide specific columns if requested
        if (hiddenColumns != null && hiddenColumns.Contains(column.Name))
        {
            column.Visible = false;
        }
        else
        {
            // Set custom headers and size columns to fit content exactly
            if (columnHeaders != null && columnHeaders.ContainsKey(column.Name))
            {
                column.HeaderText = columnHeaders[column.Name];
            }

            column.AutoSizeMode = DataGridViewAutoSizeColumnMode.None;
            column.Width = MeasureColumnWidth(column, dgv); // Adjust column width to fit content
        }
    }

    // Adjust DataGridView height based on row count and row heights
    AdjustDataGridViewHeight(dgv);
    
    // Minimal cell borders
    dgv.CellBorderStyle = DataGridViewCellBorderStyle.Single;
}

// Helper method to measure the exact width of the column based on its content
private int MeasureColumnWidth(DataGridViewColumn column, DataGridView dgv)
{
    int width = 0;
    foreach (DataGridViewRow row in dgv.Rows)
    {
        // Measure width of each cell and adjust column width to fit the largest one
        DataGridViewCell cell = row.Cells[column.Index];
        Size cellSize = TextRenderer.MeasureText(cell.EditedFormattedValue.ToString(), dgv.Font);
        width = Math.Max(width, cellSize.Width);
    }
    return width + 10; // Add a small margin to avoid clipping
} 
2024-10-04 14:58:37.6188 Error Error getting player information for PlayerID: public void SetupDataGridView(DataGridView dgv, DataTable dt, string[] hiddenColumns, Dictionary<string, string> columnHeaders)
{
    // Ensure the DataTable is not null or empty
    if (dt == null || dt.Rows.Count == 0)
    {
        dgv.DataSource = null;
        MessageBox.Show("No data available to display.", "Data Error", MessageBoxButtons.OK, MessageBoxIcon.Warning);
        return;
    }

    dgv.DataSource = dt;
    dgv.RowHeadersVisible = false; // Hide row headers for a cleaner look

    // Remove any space between cells by setting padding to zero
    dgv.DefaultCellStyle.Padding = new Padding(0);
    dgv.ColumnHeadersDefaultCellStyle.Padding = new Padding(0);

    // Remove extra margins
    dgv.Margin = new Padding(0);
    dgv.ColumnHeadersDefaultCellStyle.Alignment = DataGridViewContentAlignment.MiddleCenter;
    dgv.DefaultCellStyle.Alignment = DataGridViewContentAlignment.MiddleCenter;

    // Disable auto-size mode to manually control the column widths
    dgv.AutoSizeColumnsMode = DataGridViewAutoSizeColumnsMode.None; // Turn off auto-size for columns
    dgv.AutoSizeRowsMode = DataGridViewAutoSizeRowsMode.None; // Turn off auto-size for rows

    // Set the column widths based on their content
    foreach (DataGridViewColumn column in dgv.Columns)
    {
        // Hide specific columns if requested
        if (hiddenColumns != null && hiddenColumns.Contains(column.Name))
        {
            column.Visible = false;
        }
        else
        {
            // Set custom headers and size columns to fit content exactly
            if (columnHeaders != null && columnHeaders.ContainsKey(column.Name))
            {
                column.HeaderText = columnHeaders[column.Name];
            }

            column.AutoSizeMode = DataGridViewAutoSizeColumnMode.None;
            column.Width = MeasureColumnWidth(column, dgv); // Adjust column width to fit content
        }
    }

    // Adjust DataGridView height based on row count and row heights
    AdjustDataGridViewHeight(dgv);
    
    // Minimal cell borders
    dgv.CellBorderStyle = DataGridViewCellBorderStyle.Single;
}

// Helper method to measure the exact width of the column based on its content
private int MeasureColumnWidth(DataGridViewColumn column, DataGridView dgv)
{
    int width = 0;
    foreach (DataGridViewRow row in dgv.Rows)
    {
        // Measure width of each cell and adjust column width to fit the largest one
        DataGridViewCell cell = row.Cells[column.Index];
        Size cellSize = TextRenderer.MeasureText(cell.EditedFormattedValue.ToString(), dgv.Font);
        width = Math.Max(width, cellSize.Width);
    }
    return width + 10; // Add a small margin to avoid clipping
} System.FormatException: Input string was not in a correct format.
   at System.Number.StringToNumber(String str, NumberStyles options, NumberBuffer& number, NumberFormatInfo info, Boolean parseDecimal)
   at System.Number.ParseInt32(String s, NumberStyles style, NumberFormatInfo info)
   at System.Int32.Parse(String s)
   at POSPatronImage.TableTransactions.GetPlayerInformationFromID(String playerID) in C:\Users\nghiad.tran\Desktop\Curent Projects\TableTransactionRolling\POSPatronImage\TableTransactions.cs:line 115
2024-10-04 14:58:39.9817 Debug Player info and transaction data reset. 
2024-10-04 14:58:39.9817 Info Fetching player information for PlayerID: 889851 
2024-10-04 14:58:39.9817 Info Decryption started. 
2024-10-04 14:58:39.9817 Info Data decrypted successfully. 
2024-10-04 14:58:40.1496 Info Displayed information for PlayerID: 889851 
2024-10-04 14:58:40.1656 Info Displayed information for PlayerID: 889851 
2024-10-04 14:58:40.3226 Info Successfully retrieved player data for PlayerID: 889851. Transaction count: 702 
2024-10-04 14:58:41.9991 Info Decryption started. 
2024-10-04 14:58:41.9991 Info Data decrypted successfully. 
2024-10-04 15:00:06.1748 Info Function class initialized successfully. 
2024-10-04 15:00:06.4917 Info TableTransactions form initialized. 
2024-10-04 15:00:07.7463 Debug Player info and transaction data reset. 
2024-10-04 15:00:07.7463 Info TableTransactions form loaded. 
2024-10-04 15:00:11.8910 Debug Player info and transaction data reset. 
2024-10-04 15:00:11.8910 Info Fetching player information for PlayerID: 889851 
2024-10-04 15:00:11.8910 Info Decryption started. 
2024-10-04 15:00:11.8910 Info Data decrypted successfully. 
2024-10-04 15:00:12.0450 Info Displayed information for PlayerID: 889851 
2024-10-04 15:00:12.0660 Info Displayed information for PlayerID: 889851 
2024-10-04 15:00:12.0850 Info Successfully retrieved player data for PlayerID: 889851. Transaction count: 702 
2024-10-04 15:00:13.4366 Info Decryption started. 
2024-10-04 15:00:13.4366 Info Data decrypted successfully. 
2024-10-04 15:02:06.1061 Info Function class initialized successfully. 
2024-10-04 15:02:06.4909 Info TableTransactions form initialized. 
2024-10-04 15:02:07.3027 Debug Player info and transaction data reset. 
2024-10-04 15:02:07.3027 Info TableTransactions form loaded. 
2024-10-04 15:02:08.6183 Debug Player info and transaction data reset. 
2024-10-04 15:02:08.6183 Info Fetching player information for PlayerID: 889851 
2024-10-04 15:02:08.6183 Info Decryption started. 
2024-10-04 15:02:08.6183 Info Data decrypted successfully. 
2024-10-04 15:02:08.7652 Info Displayed information for PlayerID: 889851 
2024-10-04 15:02:08.7872 Info Displayed information for PlayerID: 889851 
2024-10-04 15:02:08.8282 Info Successfully retrieved player data for PlayerID: 889851. Transaction count: 702 
2024-10-04 15:02:10.9875 Info Decryption started. 
2024-10-04 15:02:10.9875 Info Data decrypted successfully. 
2024-10-04 15:02:17.4315 Info Decryption started. 
2024-10-04 15:02:17.4315 Info Data decrypted successfully. 
2024-10-04 15:02:49.9778 Info Decryption started. 
2024-10-04 15:02:49.9778 Info Data decrypted successfully. 
2024-10-04 15:03:49.6500 Info Decryption started. 
2024-10-04 15:03:49.6500 Info Data decrypted successfully. 
2024-10-04 15:03:58.6492 Info Decryption started. 
2024-10-04 15:03:58.6502 Info Data decrypted successfully. 
2024-10-04 15:04:06.5457 Info Decryption started. 
2024-10-04 15:04:06.5457 Info Data decrypted successfully. 
2024-10-04 15:05:31.0331 Info Function class initialized successfully. 
2024-10-04 15:05:31.2590 Info TableTransactions form initialized. 
2024-10-04 15:05:33.0134 Debug Player info and transaction data reset. 
2024-10-04 15:05:33.0134 Info TableTransactions form loaded. 
2024-10-04 15:05:34.7249 Debug Player info and transaction data reset. 
2024-10-04 15:05:34.7249 Info Fetching player information for PlayerID: 889851 
2024-10-04 15:05:34.7279 Info Decryption started. 
2024-10-04 15:05:34.7279 Info Data decrypted successfully. 
2024-10-04 15:05:34.8918 Info Displayed information for PlayerID: 889851 
2024-10-04 15:05:34.9098 Info Displayed information for PlayerID: 889851 
2024-10-04 15:05:34.9458 Info Successfully retrieved player data for PlayerID: 889851. Transaction count: 702 
2024-10-04 15:05:37.0452 Info Decryption started. 
2024-10-04 15:05:37.0452 Info Data decrypted successfully. 
2024-10-04 15:06:20.0819 Info Function class initialized successfully. 
2024-10-04 15:06:20.3848 Info TableTransactions form initialized. 
2024-10-04 15:06:21.7554 Debug Player info and transaction data reset. 
2024-10-04 15:06:21.7554 Info TableTransactions form loaded. 
2024-10-04 15:06:26.0260 Debug Player info and transaction data reset. 
2024-10-04 15:06:26.0260 Info Fetching player information for PlayerID: 889851 
2024-10-04 15:06:26.0260 Info Decryption started. 
2024-10-04 15:06:26.0260 Info Data decrypted successfully. 
2024-10-04 15:06:26.1860 Info Displayed information for PlayerID: 889851 
2024-10-04 15:06:26.2040 Info Displayed information for PlayerID: 889851 
2024-10-04 15:06:26.2380 Info Successfully retrieved player data for PlayerID: 889851. Transaction count: 702 
2024-10-04 15:06:28.2054 Info Decryption started. 
2024-10-04 15:06:28.2054 Info Data decrypted successfully. 
2024-10-04 15:06:30.0098 Info Decryption started. 
2024-10-04 15:06:30.0098 Info Data decrypted successfully. 
2024-10-04 15:06:31.8822 Info Decryption started. 
2024-10-04 15:06:31.8822 Info Data decrypted successfully. 
2024-10-04 15:06:45.0161 Info Function class initialized successfully. 
2024-10-04 15:06:45.3580 Info TableTransactions form initialized. 
2024-10-04 15:06:46.1407 Debug Player info and transaction data reset. 
2024-10-04 15:06:46.1407 Info TableTransactions form loaded. 
2024-10-04 15:06:48.0041 Debug Player info and transaction data reset. 
2024-10-04 15:06:48.0041 Info Fetching player information for PlayerID: 889851 
2024-10-04 15:06:48.0041 Info Decryption started. 
2024-10-04 15:06:48.0041 Info Data decrypted successfully. 
2024-10-04 15:06:48.1541 Info Displayed information for PlayerID: 889851 
2024-10-04 15:06:48.1781 Info Displayed information for PlayerID: 889851 
2024-10-04 15:06:48.2151 Info Successfully retrieved player data for PlayerID: 889851. Transaction count: 702 
2024-10-04 15:07:13.7490 Info Decryption started. 
2024-10-04 15:07:13.7490 Info Data decrypted successfully. 
