2025-06-26 08:40:46.4977 Info Function class initialized successfully. 
2025-06-26 08:40:46.6899 Info TableTransactions form initialized. 
2025-06-26 08:51:20.0972 Info Function class initialized successfully. 
2025-06-26 08:51:20.2080 Info TableTransactions form initialized. 
2025-06-26 08:51:42.9061 Error An error occurred during the reprint process. System.IndexOutOfRangeException: ID
   at System.Data.ProviderBase.FieldNameLookup.GetOrdinal(String fieldName)
   at System.Data.SqlClient.SqlDataReader.GetOrdinal(String name)
   at System.Data.SqlClient.SqlDataReader.get_Item(String name)
   at POSPatronImage.FOEventTicketIssuance.button_Print_Click(Object sender, EventArgs e) in C:\Users\hatt.nguyen.HTPVTG\OneDrive - HO TRAM PROJECT COMPANY LIMITED\TableTransactionRolling\POSPatronImage\FOEventTicketIssuance.cs:line 175
2025-06-26 08:53:29.5839 Info Function class initialized successfully. 
2025-06-26 08:53:29.6670 Info TableTransactions form initialized. 
2025-06-26 08:54:17.1882 Error An error occurred during the reprint process. System.IndexOutOfRangeException: ID
   at System.Data.ProviderBase.FieldNameLookup.GetOrdinal(String fieldName)
   at System.Data.SqlClient.SqlDataReader.GetOrdinal(String name)
   at System.Data.SqlClient.SqlDataReader.get_Item(String name)
   at POSPatronImage.FOEventTicketIssuance.button_Print_Click(Object sender, EventArgs e) in C:\Users\hatt.nguyen.HTPVTG\OneDrive - HO TRAM PROJECT COMPANY LIMITED\TableTransactionRolling\POSPatronImage\FOEventTicketIssuance.cs:line 175
2025-06-26 08:54:58.8838 Error An error occurred during the reprint process. System.IndexOutOfRangeException: ID
   at System.Data.ProviderBase.FieldNameLookup.GetOrdinal(String fieldName)
   at System.Data.SqlClient.SqlDataReader.GetOrdinal(String name)
   at System.Data.SqlClient.SqlDataReader.get_Item(String name)
   at POSPatronImage.FOEventTicketIssuance.button_Print_Click(Object sender, EventArgs e) in C:\Users\hatt.nguyen.HTPVTG\OneDrive - HO TRAM PROJECT COMPANY LIMITED\TableTransactionRolling\POSPatronImage\FOEventTicketIssuance.cs:line 175
2025-06-26 08:55:48.6542 Error An error occurred during the reprint process. System.IndexOutOfRangeException: ID
   at System.Data.ProviderBase.FieldNameLookup.GetOrdinal(String fieldName)
   at System.Data.SqlClient.SqlDataReader.GetOrdinal(String name)
   at System.Data.SqlClient.SqlDataReader.get_Item(String name)
   at POSPatronImage.FOEventTicketIssuance.button_Print_Click(Object sender, EventArgs e) in C:\Users\hatt.nguyen.HTPVTG\OneDrive - HO TRAM PROJECT COMPANY LIMITED\TableTransactionRolling\POSPatronImage\FOEventTicketIssuance.cs:line 175
2025-06-26 08:56:26.4736 Info Function class initialized successfully. 
2025-06-26 08:56:26.5563 Info TableTransactions form initialized. 
2025-06-26 08:56:30.6630 Error An error occurred during the reprint process. System.IndexOutOfRangeException: ID
   at System.Data.ProviderBase.FieldNameLookup.GetOrdinal(String fieldName)
   at System.Data.SqlClient.SqlDataReader.GetOrdinal(String name)
   at System.Data.SqlClient.SqlDataReader.get_Item(String name)
   at POSPatronImage.FOEventTicketIssuance.button_Print_Click(Object sender, EventArgs e) in C:\Users\hatt.nguyen.HTPVTG\OneDrive - HO TRAM PROJECT COMPANY LIMITED\TableTransactionRolling\POSPatronImage\FOEventTicketIssuance.cs:line 175
2025-06-26 08:57:07.2589 Info Function class initialized successfully. 
2025-06-26 08:57:07.3691 Info TableTransactions form initialized. 
2025-06-26 08:59:21.8820 Error An error occurred during the reprint process. System.IndexOutOfRangeException: ID
   at System.Data.ProviderBase.FieldNameLookup.GetOrdinal(String fieldName)
   at System.Data.SqlClient.SqlDataReader.GetOrdinal(String name)
   at System.Data.SqlClient.SqlDataReader.get_Item(String name)
   at POSPatronImage.FOEventTicketIssuance.button_Print_Click(Object sender, EventArgs e) in C:\Users\hatt.nguyen.HTPVTG\OneDrive - HO TRAM PROJECT COMPANY LIMITED\TableTransactionRolling\POSPatronImage\FOEventTicketIssuance.cs:line 175
2025-06-26 08:59:39.2921 Info Function class initialized successfully. 
2025-06-26 08:59:39.3984 Info TableTransactions form initialized. 
2025-06-26 09:00:45.3007 Info Function class initialized successfully. 
2025-06-26 09:00:45.3976 Info TableTransactions form initialized. 
2025-06-26 09:04:55.7682 Info Function class initialized successfully. 
2025-06-26 09:04:55.8700 Info TableTransactions form initialized. 
2025-06-26 09:16:12.1082 Info Function class initialized successfully. 
2025-06-26 09:16:12.2105 Info TableTransactions form initialized. 
2025-06-26 09:18:19.4274 Info Function class initialized successfully. 
2025-06-26 09:18:19.5231 Info TableTransactions form initialized. 
2025-06-26 09:22:27.9794 Info Function class initialized successfully. 
2025-06-26 09:22:28.0710 Info TableTransactions form initialized. 
2025-06-26 09:24:09.2566 Info Function class initialized successfully. 
2025-06-26 09:24:09.3691 Info TableTransactions form initialized. 
2025-06-26 09:24:11.2120 Debug Player info and transaction data reset. 
2025-06-26 09:24:11.2120 Info TableTransactions form loaded. 
2025-06-26 09:24:39.5794 Info Function class initialized successfully. 
2025-06-26 09:24:39.6643 Info TableTransactions form initialized. 
2025-06-26 09:24:52.1720 Info Function class initialized successfully. 
2025-06-26 09:24:52.2713 Info TableTransactions form initialized. 
2025-06-26 09:27:04.1055 Info Function class initialized successfully. 
2025-06-26 09:27:04.2288 Info TableTransactions form initialized. 
2025-06-26 10:06:33.7688 Info Function class initialized successfully. 
2025-06-26 10:06:33.8856 Info TableTransactions form initialized. 
2025-06-26 10:08:24.6307 Info Function class initialized successfully. 
2025-06-26 10:08:24.7302 Info TableTransactions form initialized. 
2025-06-26 10:09:51.4453 Info Function class initialized successfully. 
2025-06-26 10:09:51.5424 Info TableTransactions form initialized. 
2025-06-26 10:12:57.9083 Info Function class initialized successfully. 
2025-06-26 10:12:58.0352 Info TableTransactions form initialized. 
2025-06-26 10:14:30.1986 Info Function class initialized successfully. 
2025-06-26 10:14:30.2815 Info TableTransactions form initialized. 
2025-06-26 10:16:49.2543 Info Function class initialized successfully. 
2025-06-26 10:16:49.3527 Info TableTransactions form initialized. 
2025-06-26 10:17:20.5228 Info Function class initialized successfully. 
2025-06-26 10:17:20.7102 Info TableTransactions form initialized. 
2025-06-26 10:18:51.2909 Info Function class initialized successfully. 
2025-06-26 10:18:51.3975 Info TableTransactions form initialized. 
2025-06-26 10:19:58.4252 Info Function class initialized successfully. 
2025-06-26 10:19:58.5209 Info TableTransactions form initialized. 
2025-06-26 10:21:09.7470 Info Function class initialized successfully. 
2025-06-26 10:21:09.8349 Info TableTransactions form initialized. 
2025-06-26 10:21:51.8270 Info Function class initialized successfully. 
2025-06-26 10:21:51.9290 Info TableTransactions form initialized. 
2025-06-26 10:32:24.0979 Info Function class initialized successfully. 
2025-06-26 10:32:24.2544 Info TableTransactions form initialized. 
2025-06-26 10:38:03.1445 Info Function class initialized successfully. 
2025-06-26 10:38:03.2883 Info TableTransactions form initialized. 
2025-06-26 10:40:20.8230 Info Function class initialized successfully. 
2025-06-26 10:40:20.9335 Info TableTransactions form initialized. 
2025-06-26 10:41:41.1086 Info Function class initialized successfully. 
2025-06-26 10:41:41.2086 Info TableTransactions form initialized. 
2025-06-26 10:53:27.2110 Info Function class initialized successfully. 
2025-06-26 10:53:27.3237 Info TableTransactions form initialized. 
2025-06-26 11:06:10.0740 Info Function class initialized successfully. 
2025-06-26 11:06:10.2331 Info TableTransactions form initialized. 
2025-06-26 11:07:13.6774 Info Function class initialized successfully. 
2025-06-26 11:07:13.7719 Info TableTransactions form initialized. 
2025-06-26 11:07:19.1997 Error An error occurred during the reprint process. System.Data.SqlClient.SqlException (0x80131904): Could not find stored procedure 'UpdateFOEventTicket'.
   at System.Data.SqlClient.SqlConnection.OnError(SqlException exception, Boolean breakConnection, Action`1 wrapCloseInAction)
   at System.Data.SqlClient.SqlInternalConnection.OnError(SqlException exception, Boolean breakConnection, Action`1 wrapCloseInAction)
   at System.Data.SqlClient.TdsParser.ThrowExceptionAndWarning(TdsParserStateObject stateObj, Boolean callerHasConnectionLock, Boolean asyncClose)
   at System.Data.SqlClient.TdsParser.TryRun(RunBehavior runBehavior, SqlCommand cmdHandler, SqlDataReader dataStream, BulkCopySimpleResultSet bulkCopyHandler, TdsParserStateObject stateObj, Boolean& dataReady)
   at System.Data.SqlClient.SqlDataReader.TryConsumeMetaData()
   at System.Data.SqlClient.SqlDataReader.get_MetaData()
   at System.Data.SqlClient.SqlCommand.FinishExecuteReader(SqlDataReader ds, RunBehavior runBehavior, String resetOptionsString, Boolean isInternal, Boolean forDescribeParameterEncryption, Boolean shouldCacheForAlwaysEncrypted)
   at System.Data.SqlClient.SqlCommand.RunExecuteReaderTds(CommandBehavior cmdBehavior, RunBehavior runBehavior, Boolean returnStream, Boolean async, Int32 timeout, Task& task, Boolean asyncWrite, Boolean inRetry, SqlDataReader ds, Boolean describeParameterEncryptionRequest)
   at System.Data.SqlClient.SqlCommand.RunExecuteReader(CommandBehavior cmdBehavior, RunBehavior runBehavior, Boolean returnStream, String method, TaskCompletionSource`1 completion, Int32 timeout, Task& task, Boolean& usedCache, Boolean asyncWrite, Boolean inRetry)
   at System.Data.SqlClient.SqlCommand.RunExecuteReader(CommandBehavior cmdBehavior, RunBehavior runBehavior, Boolean returnStream, String method)
   at System.Data.SqlClient.SqlCommand.ExecuteReader(CommandBehavior behavior, String method)
   at System.Data.SqlClient.SqlCommand.ExecuteDbDataReader(CommandBehavior behavior)
   at System.Data.Common.DbCommand.System.Data.IDbCommand.ExecuteReader(CommandBehavior behavior)
   at System.Data.Common.DbDataAdapter.FillInternal(DataSet dataset, DataTable[] datatables, Int32 startRecord, Int32 maxRecords, String srcTable, IDbCommand command, CommandBehavior behavior)
   at System.Data.Common.DbDataAdapter.Fill(DataTable[] dataTables, Int32 startRecord, Int32 maxRecords, IDbCommand command, CommandBehavior behavior)
   at System.Data.Common.DbDataAdapter.Fill(DataTable dataTable)
   at POSPatronImage.Support.Function.UpdateFOEventTicket(Int32 ID) in C:\Users\hatt.nguyen.HTPVTG\OneDrive - HO TRAM PROJECT COMPANY LIMITED\TableTransactionRolling\POSPatronImage\Support\Function.cs:line 98
   at POSPatronImage.FOEventTicketIssuance.button_Print_Click(Object sender, EventArgs e) in C:\Users\hatt.nguyen.HTPVTG\OneDrive - HO TRAM PROJECT COMPANY LIMITED\TableTransactionRolling\POSPatronImage\FOEventTicketIssuance.cs:line 183
ClientConnectionId:966c9756-530b-43d2-90a6-3ab33635dd4e
Error Number:2812,State:62,Class:16 HelpLink.ProdName: Microsoft SQL Server;HelpLink.ProdVer: 16.00.1000;HelpLink.EvtSrc: MSSQLServer;HelpLink.EvtID: 2812;HelpLink.BaseHelpUrl: http://go.microsoft.com/fwlink;HelpLink.LinkId: 20476
2025-06-26 11:08:26.9115 Info Function class initialized successfully. 
2025-06-26 11:08:27.0065 Info TableTransactions form initialized. 
2025-06-26 11:08:33.4181 Error An error occurred during the reprint process. System.Data.SqlClient.SqlException (0x80131904): Could not find stored procedure 'UpdateFOEventTicket'.
   at System.Data.SqlClient.SqlConnection.OnError(SqlException exception, Boolean breakConnection, Action`1 wrapCloseInAction)
   at System.Data.SqlClient.SqlInternalConnection.OnError(SqlException exception, Boolean breakConnection, Action`1 wrapCloseInAction)
   at System.Data.SqlClient.TdsParser.ThrowExceptionAndWarning(TdsParserStateObject stateObj, Boolean callerHasConnectionLock, Boolean asyncClose)
   at System.Data.SqlClient.TdsParser.TryRun(RunBehavior runBehavior, SqlCommand cmdHandler, SqlDataReader dataStream, BulkCopySimpleResultSet bulkCopyHandler, TdsParserStateObject stateObj, Boolean& dataReady)
   at System.Data.SqlClient.SqlDataReader.TryConsumeMetaData()
   at System.Data.SqlClient.SqlDataReader.get_MetaData()
   at System.Data.SqlClient.SqlCommand.FinishExecuteReader(SqlDataReader ds, RunBehavior runBehavior, String resetOptionsString, Boolean isInternal, Boolean forDescribeParameterEncryption, Boolean shouldCacheForAlwaysEncrypted)
   at System.Data.SqlClient.SqlCommand.RunExecuteReaderTds(CommandBehavior cmdBehavior, RunBehavior runBehavior, Boolean returnStream, Boolean async, Int32 timeout, Task& task, Boolean asyncWrite, Boolean inRetry, SqlDataReader ds, Boolean describeParameterEncryptionRequest)
   at System.Data.SqlClient.SqlCommand.RunExecuteReader(CommandBehavior cmdBehavior, RunBehavior runBehavior, Boolean returnStream, String method, TaskCompletionSource`1 completion, Int32 timeout, Task& task, Boolean& usedCache, Boolean asyncWrite, Boolean inRetry)
   at System.Data.SqlClient.SqlCommand.RunExecuteReader(CommandBehavior cmdBehavior, RunBehavior runBehavior, Boolean returnStream, String method)
   at System.Data.SqlClient.SqlCommand.ExecuteReader(CommandBehavior behavior, String method)
   at System.Data.SqlClient.SqlCommand.ExecuteDbDataReader(CommandBehavior behavior)
   at System.Data.Common.DbCommand.System.Data.IDbCommand.ExecuteReader(CommandBehavior behavior)
   at System.Data.Common.DbDataAdapter.FillInternal(DataSet dataset, DataTable[] datatables, Int32 startRecord, Int32 maxRecords, String srcTable, IDbCommand command, CommandBehavior behavior)
   at System.Data.Common.DbDataAdapter.Fill(DataTable[] dataTables, Int32 startRecord, Int32 maxRecords, IDbCommand command, CommandBehavior behavior)
   at System.Data.Common.DbDataAdapter.Fill(DataTable dataTable)
   at POSPatronImage.Support.Function.UpdateFOEventTicket(Int32 ID) in C:\Users\hatt.nguyen.HTPVTG\OneDrive - HO TRAM PROJECT COMPANY LIMITED\TableTransactionRolling\POSPatronImage\Support\Function.cs:line 98
   at POSPatronImage.FOEventTicketIssuance.button_Print_Click(Object sender, EventArgs e) in C:\Users\hatt.nguyen.HTPVTG\OneDrive - HO TRAM PROJECT COMPANY LIMITED\TableTransactionRolling\POSPatronImage\FOEventTicketIssuance.cs:line 183
ClientConnectionId:d659bec0-ba7f-43f1-a0bf-310b32d18482
Error Number:2812,State:62,Class:16 HelpLink.ProdName: Microsoft SQL Server;HelpLink.ProdVer: 16.00.1000;HelpLink.EvtSrc: MSSQLServer;HelpLink.EvtID: 2812;HelpLink.BaseHelpUrl: http://go.microsoft.com/fwlink;HelpLink.LinkId: 20476
2025-06-26 11:10:43.7413 Error An error occurred during the reprint process. System.Data.SqlClient.SqlException (0x80131904): Could not find stored procedure 'UpdateFOEventTicket'.
   at System.Data.SqlClient.SqlConnection.OnError(SqlException exception, Boolean breakConnection, Action`1 wrapCloseInAction)
   at System.Data.SqlClient.SqlInternalConnection.OnError(SqlException exception, Boolean breakConnection, Action`1 wrapCloseInAction)
   at System.Data.SqlClient.TdsParser.ThrowExceptionAndWarning(TdsParserStateObject stateObj, Boolean callerHasConnectionLock, Boolean asyncClose)
   at System.Data.SqlClient.TdsParser.TryRun(RunBehavior runBehavior, SqlCommand cmdHandler, SqlDataReader dataStream, BulkCopySimpleResultSet bulkCopyHandler, TdsParserStateObject stateObj, Boolean& dataReady)
   at System.Data.SqlClient.SqlDataReader.TryConsumeMetaData()
   at System.Data.SqlClient.SqlDataReader.get_MetaData()
   at System.Data.SqlClient.SqlCommand.FinishExecuteReader(SqlDataReader ds, RunBehavior runBehavior, String resetOptionsString, Boolean isInternal, Boolean forDescribeParameterEncryption, Boolean shouldCacheForAlwaysEncrypted)
   at System.Data.SqlClient.SqlCommand.RunExecuteReaderTds(CommandBehavior cmdBehavior, RunBehavior runBehavior, Boolean returnStream, Boolean async, Int32 timeout, Task& task, Boolean asyncWrite, Boolean inRetry, SqlDataReader ds, Boolean describeParameterEncryptionRequest)
   at System.Data.SqlClient.SqlCommand.RunExecuteReader(CommandBehavior cmdBehavior, RunBehavior runBehavior, Boolean returnStream, String method, TaskCompletionSource`1 completion, Int32 timeout, Task& task, Boolean& usedCache, Boolean asyncWrite, Boolean inRetry)
   at System.Data.SqlClient.SqlCommand.RunExecuteReader(CommandBehavior cmdBehavior, RunBehavior runBehavior, Boolean returnStream, String method)
   at System.Data.SqlClient.SqlCommand.ExecuteReader(CommandBehavior behavior, String method)
   at System.Data.SqlClient.SqlCommand.ExecuteDbDataReader(CommandBehavior behavior)
   at System.Data.Common.DbCommand.System.Data.IDbCommand.ExecuteReader(CommandBehavior behavior)
   at System.Data.Common.DbDataAdapter.FillInternal(DataSet dataset, DataTable[] datatables, Int32 startRecord, Int32 maxRecords, String srcTable, IDbCommand command, CommandBehavior behavior)
   at System.Data.Common.DbDataAdapter.Fill(DataTable[] dataTables, Int32 startRecord, Int32 maxRecords, IDbCommand command, CommandBehavior behavior)
   at System.Data.Common.DbDataAdapter.Fill(DataTable dataTable)
   at POSPatronImage.Support.Function.UpdateFOEventTicket(Int32 ID) in C:\Users\hatt.nguyen.HTPVTG\OneDrive - HO TRAM PROJECT COMPANY LIMITED\TableTransactionRolling\POSPatronImage\Support\Function.cs:line 98
   at POSPatronImage.FOEventTicketIssuance.button_Print_Click(Object sender, EventArgs e) in C:\Users\hatt.nguyen.HTPVTG\OneDrive - HO TRAM PROJECT COMPANY LIMITED\TableTransactionRolling\POSPatronImage\FOEventTicketIssuance.cs:line 183
ClientConnectionId:d659bec0-ba7f-43f1-a0bf-310b32d18482
Error Number:2812,State:62,Class:16 HelpLink.ProdName: Microsoft SQL Server;HelpLink.ProdVer: 16.00.1000;HelpLink.EvtSrc: MSSQLServer;HelpLink.EvtID: 2812;HelpLink.BaseHelpUrl: http://go.microsoft.com/fwlink;HelpLink.LinkId: 20476
2025-06-26 11:11:00.5433 Info Function class initialized successfully. 
2025-06-26 11:11:00.6487 Info TableTransactions form initialized. 
2025-06-26 11:42:00.3409 Info Function class initialized successfully. 
2025-06-26 11:42:00.5083 Info TableTransactions form initialized. 
2025-06-26 11:42:05.5453 Error An error occurred during the reprint process. System.InvalidOperationException: Operation is not valid due to the current state of the object.
   at Microsoft.Reporting.WinForms.ReportViewer.PrintDialog(PrinterSettings printerSettings)
   at Microsoft.Reporting.WinForms.ReportViewer.PrintDialog()
   at POSPatronImage.Support.Function.LoadRDLCToPanel(String reportPath, Panel targetPanel, DataTable dataSource, Boolean isPrint) in C:\Users\hatt.nguyen.HTPVTG\OneDrive - HO TRAM PROJECT COMPANY LIMITED\TableTransactionRolling\POSPatronImage\Support\Function.cs:line 83
   at POSPatronImage.FOEventTicketIssuance.FOEventTicketIssuance_Load(Object sender, EventArgs e) in C:\Users\hatt.nguyen.HTPVTG\OneDrive - HO TRAM PROJECT COMPANY LIMITED\TableTransactionRolling\POSPatronImage\FOEventTicketIssuance.cs:line 155
   at POSPatronImage.FOEventTicketIssuance.button_Print_Click(Object sender, EventArgs e) in C:\Users\hatt.nguyen.HTPVTG\OneDrive - HO TRAM PROJECT COMPANY LIMITED\TableTransactionRolling\POSPatronImage\FOEventTicketIssuance.cs:line 190
2025-06-26 11:42:27.6226 Info Function class initialized successfully. 
2025-06-26 11:42:27.7525 Info TableTransactions form initialized. 
2025-06-26 11:42:32.1579 Error An error occurred during the reprint process. System.InvalidOperationException: Operation is not valid due to the current state of the object.
   at Microsoft.Reporting.WinForms.ReportViewer.PrintDialog(PrinterSettings printerSettings)
   at Microsoft.Reporting.WinForms.ReportViewer.PrintDialog()
   at POSPatronImage.Support.Function.LoadRDLCToPanel(String reportPath, Panel targetPanel, DataTable dataSource, Boolean isPrint) in C:\Users\hatt.nguyen.HTPVTG\OneDrive - HO TRAM PROJECT COMPANY LIMITED\TableTransactionRolling\POSPatronImage\Support\Function.cs:line 83
   at POSPatronImage.FOEventTicketIssuance.FOEventTicketIssuance_Load(Object sender, EventArgs e) in C:\Users\hatt.nguyen.HTPVTG\OneDrive - HO TRAM PROJECT COMPANY LIMITED\TableTransactionRolling\POSPatronImage\FOEventTicketIssuance.cs:line 155
   at POSPatronImage.FOEventTicketIssuance.button_Print_Click(Object sender, EventArgs e) in C:\Users\hatt.nguyen.HTPVTG\OneDrive - HO TRAM PROJECT COMPANY LIMITED\TableTransactionRolling\POSPatronImage\FOEventTicketIssuance.cs:line 190
2025-06-26 11:43:08.6307 Info Function class initialized successfully. 
2025-06-26 11:43:08.7562 Info TableTransactions form initialized. 
2025-06-26 11:43:13.8692 Error An error occurred during the reprint process. System.InvalidOperationException: Operation is not valid due to the current state of the object.
   at Microsoft.Reporting.WinForms.ReportViewer.PrintDialog(PrinterSettings printerSettings)
   at Microsoft.Reporting.WinForms.ReportViewer.PrintDialog()
   at POSPatronImage.Support.Function.LoadRDLCToPanel(String reportPath, Panel targetPanel, DataTable dataSource, Boolean isPrint) in C:\Users\hatt.nguyen.HTPVTG\OneDrive - HO TRAM PROJECT COMPANY LIMITED\TableTransactionRolling\POSPatronImage\Support\Function.cs:line 83
   at POSPatronImage.FOEventTicketIssuance.FOEventTicketIssuance_Load(Object sender, EventArgs e) in C:\Users\hatt.nguyen.HTPVTG\OneDrive - HO TRAM PROJECT COMPANY LIMITED\TableTransactionRolling\POSPatronImage\FOEventTicketIssuance.cs:line 155
   at POSPatronImage.FOEventTicketIssuance.button_Print_Click(Object sender, EventArgs e) in C:\Users\hatt.nguyen.HTPVTG\OneDrive - HO TRAM PROJECT COMPANY LIMITED\TableTransactionRolling\POSPatronImage\FOEventTicketIssuance.cs:line 190
2025-06-26 11:44:47.1973 Error An error occurred during the reprint process. System.InvalidOperationException: Operation is not valid due to the current state of the object.
   at Microsoft.Reporting.WinForms.ReportViewer.PrintDialog(PrinterSettings printerSettings)
   at Microsoft.Reporting.WinForms.ReportViewer.PrintDialog()
   at POSPatronImage.Support.Function.LoadRDLCToPanel(String reportPath, Panel targetPanel, DataTable dataSource, Boolean isPrint)
   at POSPatronImage.FOEventTicketIssuance.FOEventTicketIssuance_Load(Object sender, EventArgs e)
   at POSPatronImage.FOEventTicketIssuance.button_Print_Click(Object sender, EventArgs e)
2025-06-26 11:44:54.3223 Info Function class initialized successfully. 
2025-06-26 11:44:54.4290 Info TableTransactions form initialized. 
2025-06-26 11:46:23.6942 Info Function class initialized successfully. 
2025-06-26 11:46:23.8060 Info TableTransactions form initialized. 
2025-06-26 12:59:43.4094 Info Function class initialized successfully. 
2025-06-26 12:59:43.5299 Info TableTransactions form initialized. 
2025-06-26 13:00:09.1047 Info Function class initialized successfully. 
2025-06-26 13:00:09.2262 Info TableTransactions form initialized. 
2025-06-26 13:00:18.1990 Error An error occurred during the reprint process. System.InvalidOperationException: Operation is not valid due to the current state of the object.
   at Microsoft.Reporting.WinForms.ReportViewer.PrintDialog(PrinterSettings printerSettings)
   at Microsoft.Reporting.WinForms.ReportViewer.PrintDialog()
   at POSPatronImage.Support.Function.LoadRDLCToPanel(String reportPath, Panel targetPanel, DataTable dataSource, Boolean isPrint) in C:\Users\hatt.nguyen.HTPVTG\OneDrive - HO TRAM PROJECT COMPANY LIMITED\TableTransactionRolling\POSPatronImage\Support\Function.cs:line 83
   at POSPatronImage.FOEventTicketIssuance.FOEventTicketIssuance_Load(Object sender, EventArgs e) in C:\Users\hatt.nguyen.HTPVTG\OneDrive - HO TRAM PROJECT COMPANY LIMITED\TableTransactionRolling\POSPatronImage\FOEventTicketIssuance.cs:line 155
   at POSPatronImage.FOEventTicketIssuance.button_Print_Click(Object sender, EventArgs e) in C:\Users\hatt.nguyen.HTPVTG\OneDrive - HO TRAM PROJECT COMPANY LIMITED\TableTransactionRolling\POSPatronImage\FOEventTicketIssuance.cs:line 190
2025-06-26 13:06:24.4662 Info Function class initialized successfully. 
2025-06-26 13:06:24.6127 Info TableTransactions form initialized. 
2025-06-26 13:09:36.6953 Info Function class initialized successfully. 
2025-06-26 13:09:36.7869 Info TableTransactions form initialized. 
2025-06-26 13:14:10.7956 Error An error occurred during the reprint process. System.InvalidOperationException: Operation is not valid due to the current state of the object.
   at Microsoft.Reporting.WinForms.ReportViewer.PrintDialog(PrinterSettings printerSettings)
   at Microsoft.Reporting.WinForms.ReportViewer.PrintDialog()
   at POSPatronImage.Support.Function.LoadRDLCToPanel(String reportPath, Panel targetPanel, DataTable dataSource, Boolean isPrint) in C:\Users\hatt.nguyen.HTPVTG\OneDrive - HO TRAM PROJECT COMPANY LIMITED\TableTransactionRolling\POSPatronImage\Support\Function.cs:line 83
   at POSPatronImage.FOEventTicketIssuance.FOEventTicketIssuance_Load(Object sender, EventArgs e) in C:\Users\hatt.nguyen.HTPVTG\OneDrive - HO TRAM PROJECT COMPANY LIMITED\TableTransactionRolling\POSPatronImage\FOEventTicketIssuance.cs:line 73
   at POSPatronImage.FOEventTicketIssuance.button_Print_Click(Object sender, EventArgs e) in C:\Users\hatt.nguyen.HTPVTG\OneDrive - HO TRAM PROJECT COMPANY LIMITED\TableTransactionRolling\POSPatronImage\FOEventTicketIssuance.cs:line 108
2025-06-26 13:14:48.6984 Error An error occurred during the reprint process. System.InvalidOperationException: Operation is not valid due to the current state of the object.
   at Microsoft.Reporting.WinForms.ReportViewer.PrintDialog(PrinterSettings printerSettings)
   at Microsoft.Reporting.WinForms.ReportViewer.PrintDialog()
   at POSPatronImage.Support.Function.LoadRDLCToPanel(String reportPath, Panel targetPanel, DataTable dataSource, Boolean isPrint) in C:\Users\hatt.nguyen.HTPVTG\OneDrive - HO TRAM PROJECT COMPANY LIMITED\TableTransactionRolling\POSPatronImage\Support\Function.cs:line 83
   at POSPatronImage.FOEventTicketIssuance.FOEventTicketIssuance_Load(Object sender, EventArgs e) in C:\Users\hatt.nguyen.HTPVTG\OneDrive - HO TRAM PROJECT COMPANY LIMITED\TableTransactionRolling\POSPatronImage\FOEventTicketIssuance.cs:line 73
   at POSPatronImage.FOEventTicketIssuance.button_Print_Click(Object sender, EventArgs e) in C:\Users\hatt.nguyen.HTPVTG\OneDrive - HO TRAM PROJECT COMPANY LIMITED\TableTransactionRolling\POSPatronImage\FOEventTicketIssuance.cs:line 108
2025-06-26 13:16:04.1981 Info Function class initialized successfully. 
2025-06-26 13:16:04.3217 Info TableTransactions form initialized. 
2025-06-26 13:17:53.4788 Info Function class initialized successfully. 
2025-06-26 13:17:53.5828 Info TableTransactions form initialized. 
2025-06-26 13:45:14.7866 Info Function class initialized successfully. 
2025-06-26 13:45:14.8819 Info TableTransactions form initialized. 
2025-06-26 13:48:02.2077 Info Function class initialized successfully. 
2025-06-26 13:48:02.3079 Info TableTransactions form initialized. 
2025-06-26 13:48:57.3721 Info Function class initialized successfully. 
2025-06-26 13:48:57.4611 Info TableTransactions form initialized. 
2025-06-26 13:50:15.0098 Info Function class initialized successfully. 
2025-06-26 13:50:15.1111 Info TableTransactions form initialized. 
2025-06-26 13:51:59.6344 Info Function class initialized successfully. 
2025-06-26 13:51:59.7763 Info TableTransactions form initialized. 
2025-06-26 13:52:41.9039 Info Function class initialized successfully. 
2025-06-26 13:52:42.0063 Info TableTransactions form initialized. 
2025-06-26 13:54:44.6478 Info Function class initialized successfully. 
2025-06-26 13:54:44.7551 Info TableTransactions form initialized. 
2025-06-26 14:02:02.6960 Info Function class initialized successfully. 
2025-06-26 14:02:02.8169 Info TableTransactions form initialized. 
2025-06-26 14:02:07.4528 Info Report rendered successfully. 
2025-06-26 14:03:52.8933 Info Function class initialized successfully. 
2025-06-26 14:03:52.9986 Info TableTransactions form initialized. 
2025-06-26 14:03:57.8458 Info Report rendered successfully. 
2025-06-26 14:08:06.0560 Info Function class initialized successfully. 
2025-06-26 14:08:06.1791 Info TableTransactions form initialized. 
2025-06-26 14:08:10.5432 Info Report rendered successfully. 
2025-06-26 14:09:41.5121 Info Function class initialized successfully. 
2025-06-26 14:09:41.6098 Info TableTransactions form initialized. 
2025-06-26 14:09:50.3998 Info Report rendered successfully. 
2025-06-26 14:10:25.7205 Info Function class initialized successfully. 
2025-06-26 14:10:25.8144 Info TableTransactions form initialized. 
2025-06-26 14:11:14.8101 Info Report rendered successfully. 
2025-06-26 14:19:04.2973 Info Function class initialized successfully. 
2025-06-26 14:19:04.3949 Info TableTransactions form initialized. 
2025-06-26 14:19:33.4112 Info Report rendered successfully. 
2025-06-26 14:21:43.5441 Info Report rendered successfully. 
2025-06-26 14:27:32.2363 Info Function class initialized successfully. 
2025-06-26 14:27:32.4141 Info TableTransactions form initialized. 
2025-06-26 14:27:40.2213 Info Report rendered successfully. 
2025-06-26 14:29:09.8829 Info Function class initialized successfully. 
2025-06-26 14:29:09.9748 Info TableTransactions form initialized. 
2025-06-26 14:30:23.5421 Info Function class initialized successfully. 
2025-06-26 14:30:23.6794 Info TableTransactions form initialized. 
2025-06-26 14:31:13.0474 Info Function class initialized successfully. 
2025-06-26 14:31:13.2169 Info TableTransactions form initialized. 
2025-06-26 14:31:23.1767 Info Report rendered successfully. 
2025-06-26 14:34:28.8973 Info Function class initialized successfully. 
2025-06-26 14:34:28.9856 Info TableTransactions form initialized. 
2025-06-26 14:34:49.0722 Info Function class initialized successfully. 
2025-06-26 14:34:49.1768 Info TableTransactions form initialized. 
2025-06-26 14:34:58.4247 Info Report rendered successfully. 
